#
# A fatal error has been detected by the Java Runtime Environment:
#
#  SIGSEGV (0xb) at pc=0x00007fa536ad9ed7, pid=21631, tid=140347064280832
#
# JRE version: Java(TM) SE Runtime Environment (7.0_51-b13) (build 1.7.0_51-b13)
# Java VM: Java HotSpot(TM) 64-Bit Server VM (24.51-b03 mixed mode linux-amd64 compressed oops)
# Problematic frame:
# V  [libjvm.so+0x636ed7]  jni_GetLongField+0x87
#
# Failed to write core dump. Core dumps have been disabled. To enable core dumping, try "ulimit -c unlimited" before starting Java again
#
# If you would like to submit a bug report, please visit:
#   http://bugreport.sun.com/bugreport/crash.jsp
#

---------------  T H R E A D  ---------------

Current thread (0x00007fa5301c2000):  JavaThread "AWT-XAWT" daemon [_thread_in_vm, id=21687, stack(0x00007fa518d96000,0x00007fa518e97000)]

siginfo:si_signo=SIGSEGV: si_errno=0, si_code=1 (SEGV_MAPERR), si_addr=0x0000000000000000

Registers:
RAX=0x00007fa5372d0e58, RBX=0x00007fa5301c2000, RCX=0x00007fa537d052c0, RDX=0x00007fa5372daa50
RSP=0x00007fa518e954c0, RBP=0x00007fa518e954f0, RSI=0x0000000000000000, RDI=0x00007fa5301c21e8
R8 =0x0000000040000000, R9 =0x0000000000000001, R10=0x00007fa52d018acd, R11=0x00007fa536d4ad30
R12=0x0000000000000042, R13=0x0000000000000000, R14=0x00007fa5372df000, R15=0x00007fa5372daa60
RIP=0x00007fa536ad9ed7, EFLAGS=0x0000000000010246, CSGSFS=0x0000000000000033, ERR=0x0000000000000004
  TRAPNO=0x000000000000000e

Top of Stack: (sp=0x00007fa518e954c0)
0x00007fa518e954c0:   00007fa518e954f0 000000077f8e86a8
0x00007fa518e954d0:   00007fa5301c21e8 0000000000000000
0x00007fa518e954e0:   00007fa51a7b2fc0 00007fa5301c2000
0x00007fa518e954f0:   00007fa518e95520 00007fa51a57d781
0x00007fa518e95500:   000000077f8e86a8 00007fa4dc2cc070
0x00007fa518e95510:   000000077f8e86a8 00007fa518e95608
0x00007fa518e95520:   0000000000000000 00007fa51a0583c0
0x00007fa518e95530:   000000077f8e86a8 00007fa518e95560
0x00007fa518e95540:   0000000000000000 00007fa51a04ff93
0x00007fa518e95550:   000000077f8e86a8 00007fa51a57361f
0x00007fa518e95560:   00007fa518e955d0 00007fa52d018af9
0x00007fa518e95570:   000000077f6f87c8 0000000000000000
0x00007fa518e95580:   00007fa518e955a0 00007fa518e955f0
0x00007fa518e95590:   00007fa518e95590 0000000000000000
0x00007fa518e955a0:   00007fa518e95608 000000077f8ee9f0
0x00007fa518e955b0:   0000000000000000 000000077f8e86a8
0x00007fa518e955c0:   0000000000000000 00007fa518e955f0
0x00007fa518e955d0:   00007fa518e95650 00007fa52d0063d0
0x00007fa518e955e0:   00000007d6f58368 00007fa52d012f20
0x00007fa518e955f0:   0000000000000000 00007fa518e95650
0x00007fa518e95600:   00007fa4e4003250 00000007d6fa9588
0x00007fa518e95610:   00007fa518e95610 000000077f7b547c
0x00007fa518e95620:   00007fa518e95698 000000077f7d2de8
0x00007fa518e95630:   0000000000000000 000000077f7b55b0
0x00007fa518e95640:   00007fa518e955f0 00007fa518e95690
0x00007fa518e95650:   00007fa518e956e0 00007fa52d0060d8
0x00007fa518e95660:   0000000000000000 0000000000000000
0x00007fa518e95670:   0000000000000000 0000000000000000
0x00007fa518e95680:   0000000000000000 00000007d6fa9588
0x00007fa518e95690:   0000000000000000 00000007d6f5aec0
0x00007fa518e956a0:   00007fa518e956a0 000000077f7b5285
0x00007fa518e956b0:   00007fa518e956f0 000000077f7d2de8 

Instructions: (pc=0x00007fa536ad9ed7)
0x00007fa536ad9eb7:   00 8b 43 30 a9 00 00 00 30 0f 85 ba 00 00 00 48
0x00007fa536ad9ec7:   8b 05 9b 18 7c 00 c7 83 60 02 00 00 06 00 00 00
0x00007fa536ad9ed7:   49 8b 55 00 80 38 00 0f 84 ac 00 00 00 48 8b 05
0x00007fa536ad9ee7:   8d ea 7b 00 8b 72 08 8b 48 08 48 d3 e6 48 03 30 

Register to memory mapping:

RAX=0x00007fa5372d0e58: <offset 0xe2de58> in /home/mac/jmonkeyplatform/jdk/jre/lib/amd64/server/libjvm.so at 0x00007fa5364a3000
RBX=0x00007fa5301c2000 is a thread
RCX=0x00007fa537d052c0: <offset 0x2182c0> in /lib/x86_64-linux-gnu/libpthread.so.0 at 0x00007fa537aed000
RDX=0x00007fa5372daa50: <offset 0xe37a50> in /home/mac/jmonkeyplatform/jdk/jre/lib/amd64/server/libjvm.so at 0x00007fa5364a3000
RSP=0x00007fa518e954c0 is pointing into the stack for thread: 0x00007fa5301c2000
RBP=0x00007fa518e954f0 is pointing into the stack for thread: 0x00007fa5301c2000
RSI=0x0000000000000000 is an unknown value
RDI=0x00007fa5301c21e8 is an unknown value
R8 =0x0000000040000000 is an unknown value
R9 =0x0000000000000001 is an unknown value
R10=0x00007fa52d018acd is at code_begin+1197 in an Interpreter codelet
method entry point (kind = native)  [0x00007fa52d018620, 0x00007fa52d019420]  3584 bytes
R11=0x00007fa536d4ad30: <offset 0x8a7d30> in /home/mac/jmonkeyplatform/jdk/jre/lib/amd64/server/libjvm.so at 0x00007fa5364a3000
R12=0x0000000000000042 is an unknown value
R13=0x0000000000000000 is an unknown value
R14=0x00007fa5372df000: <offset 0xe3c000> in /home/mac/jmonkeyplatform/jdk/jre/lib/amd64/server/libjvm.so at 0x00007fa5364a3000
R15=0x00007fa5372daa60: <offset 0xe37a60> in /home/mac/jmonkeyplatform/jdk/jre/lib/amd64/server/libjvm.so at 0x00007fa5364a3000


Stack: [0x00007fa518d96000,0x00007fa518e97000],  sp=0x00007fa518e954c0,  free space=1021k
Native frames: (J=compiled Java code, j=interpreted, Vv=VM code, C=native code)
V  [libjvm.so+0x636ed7]  jni_GetLongField+0x87
C  [libmawt.so+0x1e781]  getX11InputMethodData+0x31

Java frames: (J=compiled Java code, j=interpreted, Vv=VM code)
j  sun.awt.X11.XlibWrapper.XFilterEvent(JJ)Z+0
j  sun.awt.X11.XToolkit.run(Z)V+300
j  sun.awt.X11.XToolkit.run()V+5
j  java.lang.Thread.run()V+11
v  ~StubRoutines::call_stub

---------------  P R O C E S S  ---------------

Java Threads: ( => current thread )
  0x00007fa500003800 JavaThread "SIGHUP handler" daemon [_thread_blocked, id=23327, stack(0x00007fa4c143c000,0x00007fa4c153d000)]
  0x00007fa4ac005800 JavaThread "XToolkt-Shutdown-Thread" [_thread_blocked, id=23313, stack(0x00007fa4c123a000,0x00007fa4c133b000)]
  0x00007fa4ac003000 JavaThread "Thread-2" [_thread_blocked, id=23302, stack(0x00007fa4c133b000,0x00007fa4c143c000)]
  0x00007fa500002000 JavaThread "SIGTERM handler" daemon [_thread_blocked, id=23274, stack(0x00007fa4c153d000,0x00007fa4c163e000)]
  0x00007fa500001000 JavaThread "SIGTERM handler" daemon [_thread_blocked, id=23161, stack(0x00007fa4c8a19000,0x00007fa4c8b1a000)]
  0x00007fa4dc003800 JavaThread "org.netbeans.modules.debugger.jpda.visual AWT Access Loop" daemon [_thread_blocked, id=21706, stack(0x00007fa518a93000,0x00007fa518b94000)]
  0x00007fa5301c5000 JavaThread "AWT-EventQueue-0" [_thread_blocked, id=21692, stack(0x00007fa518b94000,0x00007fa518c95000)]
  0x00007fa5301c3800 JavaThread "AWT-Shutdown" [_thread_blocked, id=21691, stack(0x00007fa518c95000,0x00007fa518d96000)]
=>0x00007fa5301c2000 JavaThread "AWT-XAWT" daemon [_thread_in_vm, id=21687, stack(0x00007fa518d96000,0x00007fa518e97000)]
  0x00007fa53019f800 JavaThread "Java2D Disposer" daemon [_thread_blocked, id=21681, stack(0x00007fa5192a7000,0x00007fa5193a8000)]
  0x00007fa5300a9800 JavaThread "Service Thread" daemon [_thread_blocked, id=21668, stack(0x00007fa51abc9000,0x00007fa51acca000)]
  0x00007fa5300a7000 JavaThread "C2 CompilerThread1" daemon [_thread_blocked, id=21667, stack(0x00007fa51acca000,0x00007fa51adcb000)]
  0x00007fa5300a4000 JavaThread "C2 CompilerThread0" daemon [_thread_blocked, id=21666, stack(0x00007fa51adcb000,0x00007fa51aecc000)]
  0x00007fa504001000 JavaThread "JDWP Command Reader" daemon [_thread_in_native, id=21663, stack(0x00007fa51aecc000,0x00007fa51afcd000)]
  0x00007fa5300a2000 JavaThread "JDWP Event Helper Thread" daemon [_thread_blocked, id=21661, stack(0x00007fa51afcd000,0x00007fa51b0ce000)]
  0x00007fa53009e000 JavaThread "JDWP Transport Listener: dt_socket" daemon [_thread_blocked, id=21659, stack(0x00007fa51b0ce000,0x00007fa51b1cf000)]
  0x00007fa530091000 JavaThread "Signal Dispatcher" daemon [_thread_blocked, id=21647, stack(0x00007fa51b3d3000,0x00007fa51b4d4000)]
  0x00007fa530073000 JavaThread "Finalizer" daemon [_thread_blocked, id=21639, stack(0x00007fa51b4d4000,0x00007fa51b5d5000)]
  0x00007fa53006f000 JavaThread "Reference Handler" daemon [_thread_blocked, id=21638, stack(0x00007fa51b5d5000,0x00007fa51b6d6000)]
  0x00007fa53000d000 JavaThread "main" [_thread_blocked, id=21632, stack(0x00007fa537e09000,0x00007fa537f0a000)]

Other Threads:
  0x00007fa53006c800 VMThread [stack: 0x00007fa51b6d6000,0x00007fa51b7d7000] [id=21637]
  0x00007fa5300b4000 WatcherThread [stack: 0x00007fa51aac8000,0x00007fa51abc9000] [id=21669]

VM state:not at safepoint (normal execution)

VM Mutex/Monitor currently owned by a thread: None

Heap
 PSYoungGen      total 37376K, used 25880K [0x00000007d6c80000, 0x00000007d9600000, 0x0000000800000000)
  eden space 32256K, 80% used [0x00000007d6c80000,0x00000007d85c6170,0x00000007d8c00000)
  from space 5120K, 0% used [0x00000007d9100000,0x00000007d9100000,0x00000007d9600000)
  to   space 5120K, 0% used [0x00000007d8c00000,0x00000007d8c00000,0x00000007d9100000)
 ParOldGen       total 83968K, used 0K [0x0000000784600000, 0x0000000789800000, 0x00000007d6c80000)
  object space 83968K, 0% used [0x0000000784600000,0x0000000784600000,0x0000000789800000)
 PSPermGen       total 21504K, used 14502K [0x000000077f400000, 0x0000000780900000, 0x0000000784600000)
  object space 21504K, 67% used [0x000000077f400000,0x0000000780229a00,0x0000000780900000)

Card table byte_map: [0x00007fa5345e1000,0x00007fa5349e8000] byte_map_base: 0x00007fa5309e7000

Polling page: 0x00007fa537f2c000

Code Cache  [0x00007fa52d000000, 0x00007fa52d270000, 0x00007fa530000000)
 total_blobs=543 nmethods=48 adapters=456 free_code_cache=48509Kb largest_free_block=49653056

Compilation events (10 events):
Event: 3.187 Thread 0x00007fa5300a7000   44             java.util.HashMap::get (29 bytes)
Event: 3.203 Thread 0x00007fa5300a7000 nmethod 44 0x00007fa52d0a1b90 code [0x00007fa52d0a1d00, 0x00007fa52d0a2028]
Event: 4.023 Thread 0x00007fa5300a4000   45             java.lang.String::indexOf (7 bytes)
Event: 4.025 Thread 0x00007fa5300a4000 nmethod 45 0x00007fa52d0a2350 code [0x00007fa52d0a24a0, 0x00007fa52d0a2628]
Event: 4.157 Thread 0x00007fa5300a7000   46             java.util.Arrays::binarySearch0 (95 bytes)
Event: 4.165 Thread 0x00007fa5300a7000 nmethod 46 0x00007fa52d09ecd0 code [0x00007fa52d09ee40, 0x00007fa52d09f298]
Event: 19.768 Thread 0x00007fa5300a4000   47             sun.util.logging.LoggingSupport::ensureAvailable (17 bytes)
Event: 19.768 Thread 0x00007fa5300a4000 nmethod 47 0x00007fa52d08a450 code [0x00007fa52d08a580, 0x00007fa52d08a5b8]
Event: 20.098 Thread 0x00007fa5300a4000   48             java.util.logging.Level::intValue (5 bytes)
Event: 20.099 Thread 0x00007fa5300a4000 nmethod 48 0x00007fa52d0a2c90 code [0x00007fa52d0a2dc0, 0x00007fa52d0a2e18]

GC Heap History (0 events):
No events

Deoptimization events (9 events):
Event: 1.751 Thread 0x00007fa5301c5000 Uncommon trap: reason=class_check action=maybe_recompile pc=0x00007fa52d083884 method=java.util.Properties$LineReader.readLine()I @ 62
Event: 1.753 Thread 0x00007fa5301c5000 Uncommon trap: reason=class_check action=maybe_recompile pc=0x00007fa52d083884 method=java.util.Properties$LineReader.readLine()I @ 62
Event: 1.772 Thread 0x00007fa5301c5000 Uncommon trap: reason=class_check action=maybe_recompile pc=0x00007fa52d083884 method=java.util.Properties$LineReader.readLine()I @ 62
Event: 1.779 Thread 0x00007fa5301c5000 Uncommon trap: reason=class_check action=maybe_recompile pc=0x00007fa52d083884 method=java.util.Properties$LineReader.readLine()I @ 62
Event: 2.847 Thread 0x00007fa5301c5000 Uncommon trap: reason=class_check action=maybe_recompile pc=0x00007fa52d07cbd8 method=java.lang.String.equals(Ljava/lang/Object;)Z @ 8
Event: 2.847 Thread 0x00007fa5301c5000 Uncommon trap: reason=class_check action=maybe_recompile pc=0x00007fa52d07cbd8 method=java.lang.String.equals(Ljava/lang/Object;)Z @ 8
Event: 2.847 Thread 0x00007fa5301c5000 Uncommon trap: reason=class_check action=maybe_recompile pc=0x00007fa52d07cbd8 method=java.lang.String.equals(Ljava/lang/Object;)Z @ 8
Event: 2.847 Thread 0x00007fa5301c5000 Uncommon trap: reason=class_check action=maybe_recompile pc=0x00007fa52d07cbd8 method=java.lang.String.equals(Ljava/lang/Object;)Z @ 8
Event: 3.191 Thread 0x00007fa5301c2000 Uncommon trap: reason=unreached action=reinterpret pc=0x00007fa52d09a9a0 method=java.lang.String.valueOf(Ljava/lang/Object;)Ljava/lang/String; @ 1

Internal exceptions (10 events):
Event: 2.228 Thread 0x00007fa5301c5000 Threw 0x00000007d7326440 at /HUDSON/workspace/7u-2-build-linux-amd64@2/jdk7u51/527/hotspot/src/share/vm/prims/jvm.cpp:1244
Event: 2.232 Thread 0x00007fa5301c5000 Threw 0x00000007d732c7a8 at /HUDSON/workspace/7u-2-build-linux-amd64@2/jdk7u51/527/hotspot/src/share/vm/prims/jvm.cpp:1244
Event: 2.234 Thread 0x00007fa5301c5000 Threw 0x00000007d7331138 at /HUDSON/workspace/7u-2-build-linux-amd64@2/jdk7u51/527/hotspot/src/share/vm/prims/jvm.cpp:1244
Event: 2.256 Thread 0x00007fa5301c5000 Threw 0x00000007d73445a8 at /HUDSON/workspace/7u-2-build-linux-amd64@2/jdk7u51/527/hotspot/src/share/vm/prims/jvm.cpp:1244
Event: 2.555 Thread 0x00007fa5301c5000 Threw 0x00000007d73535f0 at /HUDSON/workspace/7u-2-build-linux-amd64@2/jdk7u51/527/hotspot/src/share/vm/prims/jvm.cpp:1244
Event: 2.884 Thread 0x00007fa5301c5000 Threw 0x00000007d7629828 at /HUDSON/workspace/7u-2-build-linux-amd64@2/jdk7u51/527/hotspot/src/share/vm/prims/jvm.cpp:1244
Event: 3.029 Thread 0x00007fa5301c5000 Threw 0x00000007d7c1a320 at /HUDSON/workspace/7u-2-build-linux-amd64@2/jdk7u51/527/hotspot/src/share/vm/prims/jvm.cpp:1244
Event: 3.047 Thread 0x00007fa5301c5000 Threw 0x00000007d7d118a0 at /HUDSON/workspace/7u-2-build-linux-amd64@2/jdk7u51/527/hotspot/src/share/vm/prims/jvm.cpp:1244
Event: 3.047 Thread 0x00007fa5301c5000 Threw 0x00000007d7d13940 at /HUDSON/workspace/7u-2-build-linux-amd64@2/jdk7u51/527/hotspot/src/share/vm/prims/jvm.cpp:1244
Event: 3.174 Thread 0x00007fa5301c5000 Threw 0x00000007d7f39978 at /HUDSON/workspace/7u-2-build-linux-amd64@2/jdk7u51/527/hotspot/src/share/vm/prims/jvm.cpp:1244

Events (10 events):
Event: 31.393 loading class 0x00007fa4f00e5a20
Event: 31.394 loading class 0x00007fa4f00e5a20 done
Event: 31.394 loading class 0x00007fa4f00e5aa0
Event: 31.394 loading class 0x00007fa4f00e5aa0 done
Event: 31.394 loading class 0x00007fa4f00e5a60
Event: 31.394 loading class 0x00007fa4f00e5a60 done
Event: 33.523 Executing VM operation: ChangeBreakpoints
Event: 33.523 Executing VM operation: ChangeBreakpoints done
Event: 34.009 loading class 0x00007fa528a2daf0
Event: 34.009 loading class 0x00007fa528a2daf0 done


Dynamic libraries:
00400000-00401000 r-xp 00000000 08:02 35000176                           /home/mac/jmonkeyplatform/jdk/bin/java
00600000-00601000 rw-p 00000000 08:02 35000176                           /home/mac/jmonkeyplatform/jdk/bin/java
01ae9000-01b0a000 rw-p 00000000 00:00 0                                  [heap]
77f400000-780900000 rw-p 00000000 00:00 0 
780900000-784600000 rw-p 00000000 00:00 0 
784600000-789800000 rw-p 00000000 00:00 0 
789800000-7d6c80000 rw-p 00000000 00:00 0 
7d6c80000-7d9600000 rw-p 00000000 00:00 0 
7d9600000-800000000 rw-p 00000000 00:00 0 
7fa4a4000000-7fa4a4021000 rw-p 00000000 00:00 0 
7fa4a4021000-7fa4a8000000 ---p 00000000 00:00 0 
7fa4ac000000-7fa4ac022000 rw-p 00000000 00:00 0 
7fa4ac022000-7fa4b0000000 ---p 00000000 00:00 0 
7fa4b0000000-7fa4b0026000 rw-p 00000000 00:00 0 
7fa4b0026000-7fa4b4000000 ---p 00000000 00:00 0 
7fa4b4000000-7fa4b4022000 rw-p 00000000 00:00 0 
7fa4b4022000-7fa4b8000000 ---p 00000000 00:00 0 
7fa4b8000000-7fa4b8022000 rw-p 00000000 00:00 0 
7fa4b8022000-7fa4bc000000 ---p 00000000 00:00 0 
7fa4bc000000-7fa4bc021000 rw-p 00000000 00:00 0 
7fa4bc021000-7fa4c0000000 ---p 00000000 00:00 0 
7fa4c123a000-7fa4c123d000 ---p 00000000 00:00 0 
7fa4c123d000-7fa4c133b000 rw-p 00000000 00:00 0 
7fa4c133b000-7fa4c133e000 ---p 00000000 00:00 0 
7fa4c133e000-7fa4c143c000 rw-p 00000000 00:00 0 
7fa4c143c000-7fa4c143f000 ---p 00000000 00:00 0 
7fa4c143f000-7fa4c153d000 rw-p 00000000 00:00 0 
7fa4c153d000-7fa4c1540000 ---p 00000000 00:00 0 
7fa4c1540000-7fa4c17a9000 rw-p 00000000 00:00 0 
7fa4c17a9000-7fa4c1811000 r-xp 00000000 08:02 35000065                   /home/mac/jmonkeyplatform/jdk/jre/lib/amd64/libt2k.so
7fa4c1811000-7fa4c1a11000 ---p 00068000 08:02 35000065                   /home/mac/jmonkeyplatform/jdk/jre/lib/amd64/libt2k.so
7fa4c1a11000-7fa4c1a18000 rw-p 00068000 08:02 35000065                   /home/mac/jmonkeyplatform/jdk/jre/lib/amd64/libt2k.so
7fa4c1a18000-7fa4c1a28000 rw-p 00000000 00:00 0 
7fa4c1a28000-7fa4c1a62000 r-xp 00000000 08:02 35000081                   /home/mac/jmonkeyplatform/jdk/jre/lib/amd64/libjpeg.so
7fa4c1a62000-7fa4c1c62000 ---p 0003a000 08:02 35000081                   /home/mac/jmonkeyplatform/jdk/jre/lib/amd64/libjpeg.so
7fa4c1c62000-7fa4c1c63000 rw-p 0003a000 08:02 35000081                   /home/mac/jmonkeyplatform/jdk/jre/lib/amd64/libjpeg.so
7fa4c1c63000-7fa4c1c64000 ---p 00000000 00:00 0 
7fa4c1c64000-7fa4c2464000 rw-p 00000000 00:00 0 
7fa4c2464000-7fa4c2465000 ---p 00000000 00:00 0 
7fa4c2465000-7fa4c2c65000 rw-p 00000000 00:00 0 
7fa4c2c65000-7fa4c2ccb000 r-xp 00000000 08:02 6037819                    /usr/lib/x86_64-linux-gnu/libibus-1.0.so.5.0.511
7fa4c2ccb000-7fa4c2eca000 ---p 00066000 08:02 6037819                    /usr/lib/x86_64-linux-gnu/libibus-1.0.so.5.0.511
7fa4c2eca000-7fa4c2ecc000 r--p 00065000 08:02 6037819                    /usr/lib/x86_64-linux-gnu/libibus-1.0.so.5.0.511
7fa4c2ecc000-7fa4c2ecd000 rw-p 00067000 08:02 6037819                    /usr/lib/x86_64-linux-gnu/libibus-1.0.so.5.0.511
7fa4c2ecd000-7fa4c2ece000 rw-p 00000000 00:00 0 
7fa4c2ece000-7fa4c2ed4000 r-xp 00000000 08:02 6423261                    /usr/lib/x86_64-linux-gnu/gtk-2.0/2.10.0/immodules/im-ibus.so
7fa4c2ed4000-7fa4c30d4000 ---p 00006000 08:02 6423261                    /usr/lib/x86_64-linux-gnu/gtk-2.0/2.10.0/immodules/im-ibus.so
7fa4c30d4000-7fa4c30d5000 r--p 00006000 08:02 6423261                    /usr/lib/x86_64-linux-gnu/gtk-2.0/2.10.0/immodules/im-ibus.so
7fa4c30d5000-7fa4c30d6000 rw-p 00007000 08:02 6423261                    /usr/lib/x86_64-linux-gnu/gtk-2.0/2.10.0/immodules/im-ibus.so
7fa4c30d6000-7fa4c30e6000 r-xp 00000000 08:02 35000112                   /home/mac/jmonkeyplatform/jdk/jre/lib/amd64/libnio.so
7fa4c30e6000-7fa4c32e6000 ---p 00010000 08:02 35000112                   /home/mac/jmonkeyplatform/jdk/jre/lib/amd64/libnio.so
7fa4c32e6000-7fa4c32e7000 rw-p 00010000 08:02 35000112                   /home/mac/jmonkeyplatform/jdk/jre/lib/amd64/libnio.so
7fa4c32e7000-7fa4c35e8000 rw-p 00000000 00:00 0 
7fa4c35e8000-7fa4c35fe000 r-xp 00000000 08:02 35000113                   /home/mac/jmonkeyplatform/jdk/jre/lib/amd64/libnet.so
7fa4c35fe000-7fa4c37fe000 ---p 00016000 08:02 35000113                   /home/mac/jmonkeyplatform/jdk/jre/lib/amd64/libnet.so
7fa4c37fe000-7fa4c37ff000 rw-p 00016000 08:02 35000113                   /home/mac/jmonkeyplatform/jdk/jre/lib/amd64/libnet.so
7fa4c37ff000-7fa4c3800000 ---p 00000000 00:00 0 
7fa4c3800000-7fa4c4000000 rw-p 00000000 00:00 0 
7fa4c4000000-7fa4c4022000 rw-p 00000000 00:00 0 
7fa4c4022000-7fa4c8000000 ---p 00000000 00:00 0 
7fa4c8031000-7fa4c810b000 rw-p 00000000 00:00 0 
7fa4c810b000-7fa4c816b000 rw-s 00000000 00:05 114524210                  /SYSV00000000 (deleted)
7fa4c816b000-7fa4c81d6000 rw-s 00000000 00:05 114393134                  /SYSV00000000 (deleted)
7fa4c81d6000-7fa4c823b000 r-xp 00000000 08:02 35000096                   /home/mac/jmonkeyplatform/jdk/jre/lib/amd64/libfontmanager.so
7fa4c823b000-7fa4c843a000 ---p 00065000 08:02 35000096                   /home/mac/jmonkeyplatform/jdk/jre/lib/amd64/libfontmanager.so
7fa4c843a000-7fa4c843e000 rw-p 00064000 08:02 35000096                   /home/mac/jmonkeyplatform/jdk/jre/lib/amd64/libfontmanager.so
7fa4c843e000-7fa4c844f000 rw-p 00000000 00:00 0 
7fa4c844f000-7fa4c8465000 r-xp 00000000 08:02 32510290                   /lib/x86_64-linux-gnu/libgcc_s.so.1
7fa4c8465000-7fa4c8664000 ---p 00016000 08:02 32510290                   /lib/x86_64-linux-gnu/libgcc_s.so.1
7fa4c8664000-7fa4c8665000 rw-p 00015000 08:02 32510290                   /lib/x86_64-linux-gnu/libgcc_s.so.1
7fa4c8665000-7fa4c87d7000 r-xp 00000000 08:02 6031490                    /usr/lib/x86_64-linux-gnu/libstdc++.so.6.0.21
7fa4c87d7000-7fa4c89d7000 ---p 00172000 08:02 6031490                    /usr/lib/x86_64-linux-gnu/libstdc++.so.6.0.21
7fa4c89d7000-7fa4c89e1000 r--p 00172000 08:02 6031490                    /usr/lib/x86_64-linux-gnu/libstdc++.so.6.0.21
7fa4c89e1000-7fa4c89e3000 rw-p 0017c000 08:02 6031490                    /usr/lib/x86_64-linux-gnu/libstdc++.so.6.0.21
7fa4c89e3000-7fa4c89e7000 rw-p 00000000 00:00 0 
7fa4c8a19000-7fa4c8a1c000 ---p 00000000 00:00 0 
7fa4c8a1c000-7fa4c8b1a000 rw-p 00000000 00:00 0 
7fa4c8b1a000-7fa4c8b6e000 r--p 00000000 08:02 7210538                    /usr/share/fonts/truetype/dejavu/DejaVuSansMono.ttf
7fa4c8b6e000-7fa4c8bc5000 r--p 00000000 08:02 7210670                    /usr/share/fonts/truetype/ubuntu-font-family/Ubuntu-R.ttf
7fa4c8bc5000-7fa4c8bda000 r--s 00000000 08:02 22810318                   /var/cache/fontconfig/04aabc0a78ac019cf9454389977116d2-le64.cache-6
7fa4c8bda000-7fa4c8c0a000 r-xp 00000000 08:02 6423247                    /usr/lib/x86_64-linux-gnu/gio/modules/libgvfsdbus.so
7fa4c8c0a000-7fa4c8e09000 ---p 00030000 08:02 6423247                    /usr/lib/x86_64-linux-gnu/gio/modules/libgvfsdbus.so
7fa4c8e09000-7fa4c8e0a000 r--p 0002f000 08:02 6423247                    /usr/lib/x86_64-linux-gnu/gio/modules/libgvfsdbus.so
7fa4c8e0a000-7fa4c8e0b000 rw-p 00030000 08:02 6423247                    /usr/lib/x86_64-linux-gnu/gio/modules/libgvfsdbus.so
7fa4c8e0b000-7fa4c8e0c000 rw-p 00000000 00:00 0 
7fa4c8e0c000-7fa4c8e0d000 ---p 00000000 00:00 0 
7fa4c8e0d000-7fa4c960d000 rw-p 00000000 00:00 0 
7fa4c960d000-7fa4c960e000 ---p 00000000 00:00 0 
7fa4c960e000-7fa4c9e0e000 rw-p 00000000 00:00 0 
7fa4c9e0e000-7fa4c9e44000 r-xp 00000000 08:02 6294636                    /usr/lib/x86_64-linux-gnu/gvfs/libgvfscommon.so
7fa4c9e44000-7fa4ca044000 ---p 00036000 08:02 6294636                    /usr/lib/x86_64-linux-gnu/gvfs/libgvfscommon.so
7fa4ca044000-7fa4ca049000 r--p 00036000 08:02 6294636                    /usr/lib/x86_64-linux-gnu/gvfs/libgvfscommon.so
7fa4ca049000-7fa4ca04a000 rw-p 0003b000 08:02 6294636                    /usr/lib/x86_64-linux-gnu/gvfs/libgvfscommon.so
7fa4ca04a000-7fa4ca063000 r-xp 00000000 08:02 6423246                    /usr/lib/x86_64-linux-gnu/gio/modules/libgioremote-volume-monitor.so
7fa4ca063000-7fa4ca263000 ---p 00019000 08:02 6423246                    /usr/lib/x86_64-linux-gnu/gio/modules/libgioremote-volume-monitor.so
7fa4ca263000-7fa4ca266000 r--p 00019000 08:02 6423246                    /usr/lib/x86_64-linux-gnu/gio/modules/libgioremote-volume-monitor.so
7fa4ca266000-7fa4ca267000 rw-p 0001c000 08:02 6423246                    /usr/lib/x86_64-linux-gnu/gio/modules/libgioremote-volume-monitor.so
7fa4ca267000-7fa4ca272000 r-xp 00000000 08:02 6423242                    /usr/lib/x86_64-linux-gnu/gio/modules/libdconfsettings.so
7fa4ca272000-7fa4ca472000 ---p 0000b000 08:02 6423242                    /usr/lib/x86_64-linux-gnu/gio/modules/libdconfsettings.so
7fa4ca472000-7fa4ca473000 r--p 0000b000 08:02 6423242                    /usr/lib/x86_64-linux-gnu/gio/modules/libdconfsettings.so
7fa4ca473000-7fa4ca474000 rw-p 0000c000 08:02 6423242                    /usr/lib/x86_64-linux-gnu/gio/modules/libdconfsettings.so
7fa4ca474000-7fa4ca47b000 r-xp 00000000 08:02 6038056                    /usr/lib/x86_64-linux-gnu/libogg.so.0.8.2
7fa4ca47b000-7fa4ca67b000 ---p 00007000 08:02 6038056                    /usr/lib/x86_64-linux-gnu/libogg.so.0.8.2
7fa4ca67b000-7fa4ca67c000 r--p 00007000 08:02 6038056                    /usr/lib/x86_64-linux-gnu/libogg.so.0.8.2
7fa4ca67c000-7fa4ca67d000 rw-p 00008000 08:02 6038056                    /usr/lib/x86_64-linux-gnu/libogg.so.0.8.2
7fa4ca67d000-7fa4ca6a7000 r-xp 00000000 08:02 6038404                    /usr/lib/x86_64-linux-gnu/libvorbis.so.0.4.8
7fa4ca6a7000-7fa4ca8a7000 ---p 0002a000 08:02 6038404                    /usr/lib/x86_64-linux-gnu/libvorbis.so.0.4.8
7fa4ca8a7000-7fa4ca8a8000 r--p 0002a000 08:02 6038404                    /usr/lib/x86_64-linux-gnu/libvorbis.so.0.4.8
7fa4ca8a8000-7fa4ca8a9000 rw-p 0002b000 08:02 6038404                    /usr/lib/x86_64-linux-gnu/libvorbis.so.0.4.8
7fa4ca8a9000-7fa4ca8b2000 r-xp 00000000 08:02 6037923                    /usr/lib/x86_64-linux-gnu/libltdl.so.7.3.1
7fa4ca8b2000-7fa4caab1000 ---p 00009000 08:02 6037923                    /usr/lib/x86_64-linux-gnu/libltdl.so.7.3.1
7fa4caab1000-7fa4caab2000 r--p 00008000 08:02 6037923                    /usr/lib/x86_64-linux-gnu/libltdl.so.7.3.1
7fa4caab2000-7fa4caab3000 rw-p 00009000 08:02 6037923                    /usr/lib/x86_64-linux-gnu/libltdl.so.7.3.1
7fa4caab3000-7fa4caac7000 r-xp 00000000 08:02 6038297                    /usr/lib/x86_64-linux-gnu/libtdb.so.1.3.8
7fa4caac7000-7fa4cacc6000 ---p 00014000 08:02 6038297                    /usr/lib/x86_64-linux-gnu/libtdb.so.1.3.8
7fa4cacc6000-7fa4cacc7000 r--p 00013000 08:02 6038297                    /usr/lib/x86_64-linux-gnu/libtdb.so.1.3.8
7fa4cacc7000-7fa4cacc8000 rw-p 00014000 08:02 6038297                    /usr/lib/x86_64-linux-gnu/libtdb.so.1.3.8
7fa4cacc8000-7fa4caccf000 r-xp 00000000 08:02 6038408                    /usr/lib/x86_64-linux-gnu/libvorbisfile.so.3.3.7
7fa4caccf000-7fa4caecf000 ---p 00007000 08:02 6038408                    /usr/lib/x86_64-linux-gnu/libvorbisfile.so.3.3.7
7fa4caecf000-7fa4caed0000 r--p 00007000 08:02 6038408                    /usr/lib/x86_64-linux-gnu/libvorbisfile.so.3.3.7
7fa4caed0000-7fa4caed1000 rw-p 00008000 08:02 6038408                    /usr/lib/x86_64-linux-gnu/libvorbisfile.so.3.3.7
7fa4caed1000-7fa4caee1000 r-xp 00000000 08:02 6037320                    /usr/lib/x86_64-linux-gnu/libcanberra.so.0.2.5
7fa4caee1000-7fa4cb0e0000 ---p 00010000 08:02 6037320                    /usr/lib/x86_64-linux-gnu/libcanberra.so.0.2.5
7fa4cb0e0000-7fa4cb0e1000 r--p 0000f000 08:02 6037320                    /usr/lib/x86_64-linux-gnu/libcanberra.so.0.2.5
7fa4cb0e1000-7fa4cb0e2000 rw-p 00010000 08:02 6037320                    /usr/lib/x86_64-linux-gnu/libcanberra.so.0.2.5
7fa4cb0e2000-7fa4cb0e6000 r-xp 00000000 08:02 6037316                    /usr/lib/x86_64-linux-gnu/libcanberra-gtk.so.0.1.9
7fa4cb0e6000-7fa4cb2e5000 ---p 00004000 08:02 6037316                    /usr/lib/x86_64-linux-gnu/libcanberra-gtk.so.0.1.9
7fa4cb2e5000-7fa4cb2e6000 r--p 00003000 08:02 6037316                    /usr/lib/x86_64-linux-gnu/libcanberra-gtk.so.0.1.9
7fa4cb2e6000-7fa4cb2e7000 rw-p 00004000 08:02 6037316                    /usr/lib/x86_64-linux-gnu/libcanberra-gtk.so.0.1.9
7fa4cb2e7000-7fa4cb2ec000 r-xp 00000000 08:02 6423275                    /usr/lib/x86_64-linux-gnu/gtk-2.0/modules/libcanberra-gtk-module.so
7fa4cb2ec000-7fa4cb4eb000 ---p 00005000 08:02 6423275                    /usr/lib/x86_64-linux-gnu/gtk-2.0/modules/libcanberra-gtk-module.so
7fa4cb4eb000-7fa4cb4ec000 r--p 00004000 08:02 6423275                    /usr/lib/x86_64-linux-gnu/gtk-2.0/modules/libcanberra-gtk-module.so
7fa4cb4ec000-7fa4cb4ed000 rw-p 00005000 08:02 6423275                    /usr/lib/x86_64-linux-gnu/gtk-2.0/modules/libcanberra-gtk-module.so
7fa4cb4ed000-7fa4cb51d000 r-xp 00000000 08:02 6422554                    /usr/lib/x86_64-linux-gnu/gtk-2.0/2.10.0/engines/libmurrine.so
7fa4cb51d000-7fa4cb71d000 ---p 00030000 08:02 6422554                    /usr/lib/x86_64-linux-gnu/gtk-2.0/2.10.0/engines/libmurrine.so
7fa4cb71d000-7fa4cb71e000 r--p 00030000 08:02 6422554                    /usr/lib/x86_64-linux-gnu/gtk-2.0/2.10.0/engines/libmurrine.so
7fa4cb71e000-7fa4cb71f000 rw-p 00031000 08:02 6422554                    /usr/lib/x86_64-linux-gnu/gtk-2.0/2.10.0/engines/libmurrine.so
7fa4cb71f000-7fa4cb730000 r-xp 00000000 08:02 6423278                    /usr/lib/x86_64-linux-gnu/gtk-2.0/modules/liboverlay-scrollbar.so
7fa4cb730000-7fa4cb930000 ---p 00011000 08:02 6423278                    /usr/lib/x86_64-linux-gnu/gtk-2.0/modules/liboverlay-scrollbar.so
7fa4cb930000-7fa4cb931000 r--p 00011000 08:02 6423278                    /usr/lib/x86_64-linux-gnu/gtk-2.0/modules/liboverlay-scrollbar.so
7fa4cb931000-7fa4cb932000 rw-p 00012000 08:02 6423278                    /usr/lib/x86_64-linux-gnu/gtk-2.0/modules/liboverlay-scrollbar.so
7fa4cb932000-7fa4cb933000 r-xp 00000000 08:02 6037760                    /usr/lib/x86_64-linux-gnu/libgthread-2.0.so.0.4800.1
7fa4cb933000-7fa4cbb32000 ---p 00001000 08:02 6037760                    /usr/lib/x86_64-linux-gnu/libgthread-2.0.so.0.4800.1
7fa4cbb32000-7fa4cbb33000 r--p 00000000 08:02 6037760                    /usr/lib/x86_64-linux-gnu/libgthread-2.0.so.0.4800.1
7fa4cbb33000-7fa4cbb34000 rw-p 00001000 08:02 6037760                    /usr/lib/x86_64-linux-gnu/libgthread-2.0.so.0.4800.1
7fa4cbb34000-7fa4cbb3a000 r-xp 00000000 08:02 6037403                    /usr/lib/x86_64-linux-gnu/libdatrie.so.1.3.3
7fa4cbb3a000-7fa4cbd3a000 ---p 00006000 08:02 6037403                    /usr/lib/x86_64-linux-gnu/libdatrie.so.1.3.3
7fa4cbd3a000-7fa4cbd3b000 r--p 00006000 08:02 6037403                    /usr/lib/x86_64-linux-gnu/libdatrie.so.1.3.3
7fa4cbd3b000-7fa4cbd3c000 rw-p 00007000 08:02 6037403                    /usr/lib/x86_64-linux-gnu/libdatrie.so.1.3.3
7fa4cbd3c000-7fa4cbd5f000 r-xp 00000000 08:02 6037707                    /usr/lib/x86_64-linux-gnu/libgraphite2.so.3.0.1
7fa4cbd5f000-7fa4cbf5e000 ---p 00023000 08:02 6037707                    /usr/lib/x86_64-linux-gnu/libgraphite2.so.3.0.1
7fa4cbf5e000-7fa4cbf60000 r--p 00022000 08:02 6037707                    /usr/lib/x86_64-linux-gnu/libgraphite2.so.3.0.1
7fa4cbf60000-7fa4cbf61000 rw-p 00024000 08:02 6037707                    /usr/lib/x86_64-linux-gnu/libgraphite2.so.3.0.1
7fa4cbf61000-7fa4cbf87000 r-xp 00000000 08:02 32510283                   /lib/x86_64-linux-gnu/libexpat.so.1.6.0
7fa4cbf87000-7fa4cc187000 ---p 00026000 08:02 32510283                   /lib/x86_64-linux-gnu/libexpat.so.1.6.0
7fa4cc187000-7fa4cc189000 r--p 00026000 08:02 32510283                   /lib/x86_64-linux-gnu/libexpat.so.1.6.0
7fa4cc189000-7fa4cc18a000 rw-p 00028000 08:02 32510283                   /lib/x86_64-linux-gnu/libexpat.so.1.6.0
7fa4cc18a000-7fa4cc1f8000 r-xp 00000000 08:02 32510381                   /lib/x86_64-linux-gnu/libpcre.so.3.13.2
7fa4cc1f8000-7fa4cc3f8000 ---p 0006e000 08:02 32510381                   /lib/x86_64-linux-gnu/libpcre.so.3.13.2
7fa4cc3f8000-7fa4cc3f9000 r--p 0006e000 08:02 32510381                   /lib/x86_64-linux-gnu/libpcre.so.3.13.2
7fa4cc3f9000-7fa4cc3fa000 rw-p 0006f000 08:02 32510381                   /lib/x86_64-linux-gnu/libpcre.so.3.13.2
7fa4cc3fa000-7fa4cc401000 r-xp 00000000 08:02 6037532                    /usr/lib/x86_64-linux-gnu/libffi.so.6.0.4
7fa4cc401000-7fa4cc600000 ---p 00007000 08:02 6037532                    /usr/lib/x86_64-linux-gnu/libffi.so.6.0.4
7fa4cc600000-7fa4cc601000 r--p 00006000 08:02 6037532                    /usr/lib/x86_64-linux-gnu/libffi.so.6.0.4
7fa4cc601000-7fa4cc602000 rw-p 00007000 08:02 6037532                    /usr/lib/x86_64-linux-gnu/libffi.so.6.0.4
7fa4cc602000-7fa4cc60a000 r-xp 00000000 08:02 6038305                    /usr/lib/x86_64-linux-gnu/libthai.so.0.2.4
7fa4cc60a000-7fa4cc809000 ---p 00008000 08:02 6038305                    /usr/lib/x86_64-linux-gnu/libthai.so.0.2.4
7fa4cc809000-7fa4cc80a000 r--p 00007000 08:02 6038305                    /usr/lib/x86_64-linux-gnu/libthai.so.0.2.4
7fa4cc80a000-7fa4cc80b000 rw-p 00008000 08:02 6038305                    /usr/lib/x86_64-linux-gnu/libthai.so.0.2.4
7fa4cc80b000-7fa4cc867000 r-xp 00000000 08:02 6034240                    /usr/lib/x86_64-linux-gnu/libharfbuzz.so.0.10000.1
7fa4cc867000-7fa4cca67000 ---p 0005c000 08:02 6034240                    /usr/lib/x86_64-linux-gnu/libharfbuzz.so.0.10000.1
7fa4cca67000-7fa4cca68000 r--p 0005c000 08:02 6034240                    /usr/lib/x86_64-linux-gnu/libharfbuzz.so.0.10000.1
7fa4cca68000-7fa4cca69000 rw-p 0005d000 08:02 6034240                    /usr/lib/x86_64-linux-gnu/libharfbuzz.so.0.10000.1
7fa4cca69000-7fa4cca80000 r-xp 00000000 08:02 32510271                   /lib/x86_64-linux-gnu/libresolv-2.23.so
7fa4cca80000-7fa4ccc80000 ---p 00017000 08:02 32510271                   /lib/x86_64-linux-gnu/libresolv-2.23.so
7fa4ccc80000-7fa4ccc81000 r--p 00017000 08:02 32510271                   /lib/x86_64-linux-gnu/libresolv-2.23.so
7fa4ccc81000-7fa4ccc82000 rw-p 00018000 08:02 32510271                   /lib/x86_64-linux-gnu/libresolv-2.23.so
7fa4ccc82000-7fa4ccc84000 rw-p 00000000 00:00 0 
7fa4ccc84000-7fa4ccca3000 r-xp 00000000 08:02 32510410                   /lib/x86_64-linux-gnu/libselinux.so.1
7fa4ccca3000-7fa4ccea2000 ---p 0001f000 08:02 32510410                   /lib/x86_64-linux-gnu/libselinux.so.1
7fa4ccea2000-7fa4ccea3000 r--p 0001e000 08:02 32510410                   /lib/x86_64-linux-gnu/libselinux.so.1
7fa4ccea3000-7fa4ccea4000 rw-p 0001f000 08:02 32510410                   /lib/x86_64-linux-gnu/libselinux.so.1
7fa4ccea4000-7fa4ccea6000 rw-p 00000000 00:00 0 
7fa4ccea6000-7fa4ccebf000 r-xp 00000000 08:02 32510443                   /lib/x86_64-linux-gnu/libz.so.1.2.8
7fa4ccebf000-7fa4cd0be000 ---p 00019000 08:02 32510443                   /lib/x86_64-linux-gnu/libz.so.1.2.8
7fa4cd0be000-7fa4cd0bf000 r--p 00018000 08:02 32510443                   /lib/x86_64-linux-gnu/libz.so.1.2.8
7fa4cd0bf000-7fa4cd0c0000 rw-p 00019000 08:02 32510443                   /lib/x86_64-linux-gnu/libz.so.1.2.8
7fa4cd0c0000-7fa4cd0c8000 r-xp 00000000 08:02 6038513                    /usr/lib/x86_64-linux-gnu/libxcb-render.so.0.0.0
7fa4cd0c8000-7fa4cd2c8000 ---p 00008000 08:02 6038513                    /usr/lib/x86_64-linux-gnu/libxcb-render.so.0.0.0
7fa4cd2c8000-7fa4cd2c9000 r--p 00008000 08:02 6038513                    /usr/lib/x86_64-linux-gnu/libxcb-render.so.0.0.0
7fa4cd2c9000-7fa4cd2ca000 rw-p 00009000 08:02 6038513                    /usr/lib/x86_64-linux-gnu/libxcb-render.so.0.0.0
7fa4cd2ca000-7fa4cd2cc000 r-xp 00000000 08:02 6038517                    /usr/lib/x86_64-linux-gnu/libxcb-shm.so.0.0.0
7fa4cd2cc000-7fa4cd4cc000 ---p 00002000 08:02 6038517                    /usr/lib/x86_64-linux-gnu/libxcb-shm.so.0.0.0
7fa4cd4cc000-7fa4cd4cd000 r--p 00002000 08:02 6038517                    /usr/lib/x86_64-linux-gnu/libxcb-shm.so.0.0.0
7fa4cd4cd000-7fa4cd4ce000 rw-p 00003000 08:02 6038517                    /usr/lib/x86_64-linux-gnu/libxcb-shm.so.0.0.0
7fa4cd4ce000-7fa4cd4f2000 r-xp 00000000 08:02 32510393                   /lib/x86_64-linux-gnu/libpng12.so.0.54.0
7fa4cd4f2000-7fa4cd6f1000 ---p 00024000 08:02 32510393                   /lib/x86_64-linux-gnu/libpng12.so.0.54.0
7fa4cd6f1000-7fa4cd6f2000 r--p 00023000 08:02 32510393                   /lib/x86_64-linux-gnu/libpng12.so.0.54.0
7fa4cd6f2000-7fa4cd6f3000 rw-p 00024000 08:02 32510393                   /lib/x86_64-linux-gnu/libpng12.so.0.54.0
7fa4cd6f3000-7fa4cd792000 r-xp 00000000 08:02 6038110                    /usr/lib/x86_64-linux-gnu/libpixman-1.so.0.33.6
7fa4cd792000-7fa4cd992000 ---p 0009f000 08:02 6038110                    /usr/lib/x86_64-linux-gnu/libpixman-1.so.0.33.6
7fa4cd992000-7fa4cd99a000 r--p 0009f000 08:02 6038110                    /usr/lib/x86_64-linux-gnu/libpixman-1.so.0.33.6
7fa4cd99a000-7fa4cd99b000 rw-p 000a7000 08:02 6038110                    /usr/lib/x86_64-linux-gnu/libpixman-1.so.0.33.6
7fa4cd99b000-7fa4cda3f000 r-xp 00000000 08:02 6037580                    /usr/lib/x86_64-linux-gnu/libfreetype.so.6.12.1
7fa4cda3f000-7fa4cdc3e000 ---p 000a4000 08:02 6037580                    /usr/lib/x86_64-linux-gnu/libfreetype.so.6.12.1
7fa4cdc3e000-7fa4cdc44000 r--p 000a3000 08:02 6037580                    /usr/lib/x86_64-linux-gnu/libfreetype.so.6.12.1
7fa4cdc44000-7fa4cdc45000 rw-p 000a9000 08:02 6037580                    /usr/lib/x86_64-linux-gnu/libfreetype.so.6.12.1
7fa4cdc45000-7fa4cdc47000 r-xp 00000000 08:02 6037158                    /usr/lib/x86_64-linux-gnu/libXdamage.so.1.1.0
7fa4cdc47000-7fa4cde46000 ---p 00002000 08:02 6037158                    /usr/lib/x86_64-linux-gnu/libXdamage.so.1.1.0
7fa4cde46000-7fa4cde47000 r--p 00001000 08:02 6037158                    /usr/lib/x86_64-linux-gnu/libXdamage.so.1.1.0
7fa4cde47000-7fa4cde48000 rw-p 00002000 08:02 6037158                    /usr/lib/x86_64-linux-gnu/libXdamage.so.1.1.0
7fa4cde48000-7fa4cde4a000 r-xp 00000000 08:02 6037154                    /usr/lib/x86_64-linux-gnu/libXcomposite.so.1.0.0
7fa4cde4a000-7fa4ce049000 ---p 00002000 08:02 6037154                    /usr/lib/x86_64-linux-gnu/libXcomposite.so.1.0.0
7fa4ce049000-7fa4ce04a000 r--p 00001000 08:02 6037154                    /usr/lib/x86_64-linux-gnu/libXcomposite.so.1.0.0
7fa4ce04a000-7fa4ce04b000 rw-p 00002000 08:02 6037154                    /usr/lib/x86_64-linux-gnu/libXcomposite.so.1.0.0
7fa4ce04b000-7fa4ce04d000 r-xp 00000000 08:02 6037172                    /usr/lib/x86_64-linux-gnu/libXinerama.so.1.0.0
7fa4ce04d000-7fa4ce24c000 ---p 00002000 08:02 6037172                    /usr/lib/x86_64-linux-gnu/libXinerama.so.1.0.0
7fa4ce24c000-7fa4ce24d000 r--p 00001000 08:02 6037172                    /usr/lib/x86_64-linux-gnu/libXinerama.so.1.0.0
7fa4ce24d000-7fa4ce24e000 rw-p 00002000 08:02 6037172                    /usr/lib/x86_64-linux-gnu/libXinerama.so.1.0.0
7fa4ce24e000-7fa4ce28b000 r-xp 00000000 08:02 6031508                    /usr/lib/x86_64-linux-gnu/libfontconfig.so.1.9.0
7fa4ce28b000-7fa4ce48a000 ---p 0003d000 08:02 6031508                    /usr/lib/x86_64-linux-gnu/libfontconfig.so.1.9.0
7fa4ce48a000-7fa4ce48c000 r--p 0003c000 08:02 6031508                    /usr/lib/x86_64-linux-gnu/libfontconfig.so.1.9.0
7fa4ce48c000-7fa4ce491000 rw-p 0003e000 08:02 6031508                    /usr/lib/x86_64-linux-gnu/libfontconfig.so.1.9.0
7fa4ce491000-7fa4ce5a0000 r-xp 00000000 08:02 32510294                   /lib/x86_64-linux-gnu/libglib-2.0.so.0.4800.1
7fa4ce5a0000-7fa4ce79f000 ---p 0010f000 08:02 32510294                   /lib/x86_64-linux-gnu/libglib-2.0.so.0.4800.1
7fa4ce79f000-7fa4ce7a0000 r--p 0010e000 08:02 32510294                   /lib/x86_64-linux-gnu/libglib-2.0.so.0.4800.1
7fa4ce7a0000-7fa4ce7a1000 rw-p 0010f000 08:02 32510294                   /lib/x86_64-linux-gnu/libglib-2.0.so.0.4800.1
7fa4ce7a1000-7fa4ce7a2000 rw-p 00000000 00:00 0 
7fa4ce7a2000-7fa4ce7f4000 r-xp 00000000 08:02 6037687                    /usr/lib/x86_64-linux-gnu/libgobject-2.0.so.0.4800.1
7fa4ce7f4000-7fa4ce9f3000 ---p 00052000 08:02 6037687                    /usr/lib/x86_64-linux-gnu/libgobject-2.0.so.0.4800.1
7fa4ce9f3000-7fa4ce9f4000 r--p 00051000 08:02 6037687                    /usr/lib/x86_64-linux-gnu/libgobject-2.0.so.0.4800.1
7fa4ce9f4000-7fa4ce9f5000 rw-p 00052000 08:02 6037687                    /usr/lib/x86_64-linux-gnu/libgobject-2.0.so.0.4800.1
7fa4ce9f5000-7fa4cea3e000 r-xp 00000000 08:02 6038082                    /usr/lib/x86_64-linux-gnu/libpango-1.0.so.0.3800.1
7fa4cea3e000-7fa4cec3e000 ---p 00049000 08:02 6038082                    /usr/lib/x86_64-linux-gnu/libpango-1.0.so.0.3800.1
7fa4cec3e000-7fa4cec40000 r--p 00049000 08:02 6038082                    /usr/lib/x86_64-linux-gnu/libpango-1.0.so.0.3800.1
7fa4cec40000-7fa4cec41000 rw-p 0004b000 08:02 6038082                    /usr/lib/x86_64-linux-gnu/libpango-1.0.so.0.3800.1
7fa4cec41000-7fa4cec55000 r-xp 00000000 08:02 6038086                    /usr/lib/x86_64-linux-gnu/libpangoft2-1.0.so.0.3800.1
7fa4cec55000-7fa4cee55000 ---p 00014000 08:02 6038086                    /usr/lib/x86_64-linux-gnu/libpangoft2-1.0.so.0.3800.1
7fa4cee55000-7fa4cee56000 r--p 00014000 08:02 6038086                    /usr/lib/x86_64-linux-gnu/libpangoft2-1.0.so.0.3800.1
7fa4cee56000-7fa4cee57000 rw-p 00015000 08:02 6038086                    /usr/lib/x86_64-linux-gnu/libpangoft2-1.0.so.0.3800.1
7fa4cee57000-7fa4cefd7000 r-xp 00000000 08:02 6037649                    /usr/lib/x86_64-linux-gnu/libgio-2.0.so.0.4800.1
7fa4cefd7000-7fa4cf1d7000 ---p 00180000 08:02 6037649                    /usr/lib/x86_64-linux-gnu/libgio-2.0.so.0.4800.1
7fa4cf1d7000-7fa4cf1db000 r--p 00180000 08:02 6037649                    /usr/lib/x86_64-linux-gnu/libgio-2.0.so.0.4800.1
7fa4cf1db000-7fa4cf1dd000 rw-p 00184000 08:02 6037649                    /usr/lib/x86_64-linux-gnu/libgio-2.0.so.0.4800.1
7fa4cf1dd000-7fa4cf1df000 rw-p 00000000 00:00 0 
7fa4cf1df000-7fa4cf200000 r-xp 00000000 08:02 6030819                    /usr/lib/x86_64-linux-gnu/libgdk_pixbuf-2.0.so.0.3200.2
7fa4cf200000-7fa4cf3ff000 ---p 00021000 08:02 6030819                    /usr/lib/x86_64-linux-gnu/libgdk_pixbuf-2.0.so.0.3200.2
7fa4cf3ff000-7fa4cf400000 r--p 00020000 08:02 6030819                    /usr/lib/x86_64-linux-gnu/libgdk_pixbuf-2.0.so.0.3200.2
7fa4cf400000-7fa4cf401000 rw-p 00021000 08:02 6030819                    /usr/lib/x86_64-linux-gnu/libgdk_pixbuf-2.0.so.0.3200.2
7fa4cf401000-7fa4cf50f000 r-xp 00000000 08:02 6037310                    /usr/lib/x86_64-linux-gnu/libcairo.so.2.11400.6
7fa4cf50f000-7fa4cf70f000 ---p 0010e000 08:02 6037310                    /usr/lib/x86_64-linux-gnu/libcairo.so.2.11400.6
7fa4cf70f000-7fa4cf712000 r--p 0010e000 08:02 6037310                    /usr/lib/x86_64-linux-gnu/libcairo.so.2.11400.6
7fa4cf712000-7fa4cf713000 rw-p 00111000 08:02 6037310                    /usr/lib/x86_64-linux-gnu/libcairo.so.2.11400.6
7fa4cf713000-7fa4cf715000 rw-p 00000000 00:00 0 
7fa4cf715000-7fa4cf737000 r-xp 00000000 08:02 6037253                    /usr/lib/x86_64-linux-gnu/libatk-1.0.so.0.21809.1
7fa4cf737000-7fa4cf936000 ---p 00022000 08:02 6037253                    /usr/lib/x86_64-linux-gnu/libatk-1.0.so.0.21809.1
7fa4cf936000-7fa4cf939000 r--p 00021000 08:02 6037253                    /usr/lib/x86_64-linux-gnu/libatk-1.0.so.0.21809.1
7fa4cf939000-7fa4cf93a000 rw-p 00024000 08:02 6037253                    /usr/lib/x86_64-linux-gnu/libatk-1.0.so.0.21809.1
7fa4cf93a000-7fa4cf946000 r-xp 00000000 08:02 6038084                    /usr/lib/x86_64-linux-gnu/libpangocairo-1.0.so.0.3800.1
7fa4cf946000-7fa4cfb45000 ---p 0000c000 08:02 6038084                    /usr/lib/x86_64-linux-gnu/libpangocairo-1.0.so.0.3800.1
7fa4cfb45000-7fa4cfb46000 r--p 0000b000 08:02 6038084                    /usr/lib/x86_64-linux-gnu/libpangocairo-1.0.so.0.3800.1
7fa4cfb46000-7fa4cfb47000 rw-p 0000c000 08:02 6038084                    /usr/lib/x86_64-linux-gnu/libpangocairo-1.0.so.0.3800.1
7fa4cfb47000-7fa4cfb4a000 r-xp 00000000 08:02 6037663                    /usr/lib/x86_64-linux-gnu/libgmodule-2.0.so.0.4800.1
7fa4cfb4a000-7fa4cfd49000 ---p 00003000 08:02 6037663                    /usr/lib/x86_64-linux-gnu/libgmodule-2.0.so.0.4800.1
7fa4cfd49000-7fa4cfd4a000 r--p 00002000 08:02 6037663                    /usr/lib/x86_64-linux-gnu/libgmodule-2.0.so.0.4800.1
7fa4cfd4a000-7fa4cfd4b000 rw-p 00003000 08:02 6037663                    /usr/lib/x86_64-linux-gnu/libgmodule-2.0.so.0.4800.1
7fa4cfd4b000-7fa4cfdfb000 r-xp 00000000 08:02 6037619                    /usr/lib/x86_64-linux-gnu/libgdk-x11-2.0.so.0.2400.30
7fa4cfdfb000-7fa4cfffa000 ---p 000b0000 08:02 6037619                    /usr/lib/x86_64-linux-gnu/libgdk-x11-2.0.so.0.2400.30
7fa4cfffa000-7fa4cfffe000 r--p 000af000 08:02 6037619                    /usr/lib/x86_64-linux-gnu/libgdk-x11-2.0.so.0.2400.30
7fa4cfffe000-7fa4d0000000 rw-p 000b3000 08:02 6037619                    /usr/lib/x86_64-linux-gnu/libgdk-x11-2.0.so.0.2400.30
7fa4d0000000-7fa4d0021000 rw-p 00000000 00:00 0 
7fa4d0021000-7fa4d4000000 ---p 00000000 00:00 0 
7fa4d4000000-7fa4d4021000 rw-p 00000000 00:00 0 
7fa4d4021000-7fa4d8000000 ---p 00000000 00:00 0 
7fa4d8000000-7fa4d8021000 rw-p 00000000 00:00 0 
7fa4d8021000-7fa4dc000000 ---p 00000000 00:00 0 
7fa4dc000000-7fa4dc2d8000 rw-p 00000000 00:00 0 
7fa4dc2d8000-7fa4e0000000 ---p 00000000 00:00 0 
7fa4e0000000-7fa4e0021000 rw-p 00000000 00:00 0 
7fa4e0021000-7fa4e4000000 ---p 00000000 00:00 0 
7fa4e4000000-7fa4e402e000 rw-p 00000000 00:00 0 
7fa4e402e000-7fa4e8000000 ---p 00000000 00:00 0 
7fa4e8000000-7fa4e8021000 rw-p 00000000 00:00 0 
7fa4e8021000-7fa4ec000000 ---p 00000000 00:00 0 
7fa4ec000000-7fa4ec021000 rw-p 00000000 00:00 0 
7fa4ec021000-7fa4f0000000 ---p 00000000 00:00 0 
7fa4f0000000-7fa4f0293000 rw-p 00000000 00:00 0 
7fa4f0293000-7fa4f4000000 ---p 00000000 00:00 0 
7fa4f4000000-7fa4f4270000 rw-p 00000000 00:00 0 
7fa4f4270000-7fa4f8000000 ---p 00000000 00:00 0 
7fa4f8000000-7fa4f8034000 rw-p 00000000 00:00 0 
7fa4f8034000-7fa4fc000000 ---p 00000000 00:00 0 
7fa4fc000000-7fa4fc021000 rw-p 00000000 00:00 0 
7fa4fc021000-7fa500000000 ---p 00000000 00:00 0 
7fa500000000-7fa500021000 rw-p 00000000 00:00 0 
7fa500021000-7fa504000000 ---p 00000000 00:00 0 
7fa504000000-7fa504032000 rw-p 00000000 00:00 0 
7fa504032000-7fa508000000 ---p 00000000 00:00 0 
7fa508000000-7fa508021000 rw-p 00000000 00:00 0 
7fa508021000-7fa50c000000 ---p 00000000 00:00 0 
7fa50c000000-7fa50c021000 rw-p 00000000 00:00 0 
7fa50c021000-7fa510000000 ---p 00000000 00:00 0 
7fa510000000-7fa510021000 rw-p 00000000 00:00 0 
7fa510021000-7fa514000000 ---p 00000000 00:00 0 
7fa514000000-7fa514021000 rw-p 00000000 00:00 0 
7fa514021000-7fa518000000 ---p 00000000 00:00 0 
7fa518001000-7fa51800c000 r--s 00000000 08:02 22808251                   /var/cache/fontconfig/945677eb7aeaf62f1d50efc3fb3ec7d8-le64.cache-6
7fa51800c000-7fa518012000 r--s 00000000 08:02 22810333                   /var/cache/fontconfig/2cd17615ca594fa2959ae173292e504c-le64.cache-6
7fa518012000-7fa518013000 r--s 00000000 08:02 22810332                   /var/cache/fontconfig/0d8c3b2ac0904cb8a57a757ad11a4a08-le64.cache-6
7fa518013000-7fa518014000 r--s 00000000 08:02 22810317                   /var/cache/fontconfig/1ac9eb803944fde146138c791f5cc56a-le64.cache-6
7fa518014000-7fa518018000 r--s 00000000 08:02 22810316                   /var/cache/fontconfig/385c0604a188198f04d133e54aba7fe7-le64.cache-6
7fa518018000-7fa518019000 r--s 00000000 08:02 22810315                   /var/cache/fontconfig/dc05db6664285cc2f12bf69c139ae4c3-le64.cache-6
7fa518019000-7fa51801c000 r--s 00000000 08:02 22810268                   /var/cache/fontconfig/767a8244fc0220cfb567a839d0392e0b-le64.cache-6
7fa51801c000-7fa51801d000 r--s 00000000 08:02 22810267                   /var/cache/fontconfig/4794a0821666d79190d59a36cb4f44b5-le64.cache-6
7fa51801d000-7fa518022000 r--s 00000000 08:02 22810266                   /var/cache/fontconfig/8801497958630a81b71ace7c5f9b32a8-le64.cache-6
7fa518022000-7fa518029000 r--s 00000000 08:02 22810264                   /var/cache/fontconfig/3047814df9a2f067bd2d96a2b9c36e5a-le64.cache-6
7fa518029000-7fa51802f000 r--s 00000000 08:02 22810242                   /var/cache/fontconfig/b47c4e1ecd0709278f4910c18777a504-le64.cache-6
7fa51802f000-7fa518042000 r--s 00000000 08:02 22810241                   /var/cache/fontconfig/d52a8644073d54c13679302ca1180695-le64.cache-6
7fa518042000-7fa51804d000 r--s 00000000 08:02 22811783                   /var/cache/fontconfig/d589a48862398ed80a3d6066f4f56f4c-le64.cache-6
7fa51804d000-7fa518058000 r--s 00000000 08:02 22807736                   /var/cache/fontconfig/83bf95040141907cd45bb53cf7c1c148-le64.cache-6
7fa518058000-7fa51806a000 r--s 00000000 08:02 22807231                   /var/cache/fontconfig/9b89f8e3dae116d678bbf48e5f21f69b-le64.cache-6
7fa51806a000-7fa518083000 r--s 00000000 08:02 7210741                    /usr/share/fonts/type1/gsfonts/n021003l.pfb
7fa518083000-7fa518099000 r--s 00000000 08:02 7210750                    /usr/share/fonts/type1/gsfonts/n021024l.pfb
7fa518099000-7fa5180af000 r--s 00000000 08:02 7210759                    /usr/share/fonts/type1/gsfonts/n022023l.pfb
7fa5180af000-7fa5180c6000 r--s 00000000 08:02 7210747                    /usr/share/fonts/type1/gsfonts/n021023l.pfb
7fa5180c6000-7fa5180d7000 r--s 00000000 08:02 7210723                    /usr/share/fonts/type1/gsfonts/n019023l.pfb
7fa5180d7000-7fa51811d000 r--p 00000000 08:02 6560847                    /usr/share/glib-2.0/schemas/gschemas.compiled
7fa51811d000-7fa51855b000 r-xp 00000000 08:02 6037764                    /usr/lib/x86_64-linux-gnu/libgtk-x11-2.0.so.0.2400.30
7fa51855b000-7fa51875a000 ---p 0043e000 08:02 6037764                    /usr/lib/x86_64-linux-gnu/libgtk-x11-2.0.so.0.2400.30
7fa51875a000-7fa518761000 r--p 0043d000 08:02 6037764                    /usr/lib/x86_64-linux-gnu/libgtk-x11-2.0.so.0.2400.30
7fa518761000-7fa518765000 rw-p 00444000 08:02 6037764                    /usr/lib/x86_64-linux-gnu/libgtk-x11-2.0.so.0.2400.30
7fa518765000-7fa518768000 rw-p 00000000 00:00 0 
7fa518768000-7fa518772000 r-xp 00000000 08:02 6037180                    /usr/lib/x86_64-linux-gnu/libXrandr.so.2.2.0
7fa518772000-7fa518971000 ---p 0000a000 08:02 6037180                    /usr/lib/x86_64-linux-gnu/libXrandr.so.2.2.0
7fa518971000-7fa518972000 r--p 00009000 08:02 6037180                    /usr/lib/x86_64-linux-gnu/libXrandr.so.2.2.0
7fa518972000-7fa518973000 rw-p 0000a000 08:02 6037180                    /usr/lib/x86_64-linux-gnu/libXrandr.so.2.2.0
7fa518973000-7fa518974000 r--s 00000000 08:02 22810265                   /var/cache/fontconfig/bab58bb527bb656aaa9f116d68a48d89-le64.cache-6
7fa518974000-7fa518975000 r--s 00000000 08:02 22810250                   /var/cache/fontconfig/56cf4f4769d0f4abc89a4895d7bd3ae1-le64.cache-6
7fa518975000-7fa518976000 r--s 00000000 08:02 22810248                   /var/cache/fontconfig/b9d506c9ac06c20b433354fa67a72993-le64.cache-6
7fa518976000-7fa518977000 r--s 00000000 08:02 22810239                   /var/cache/fontconfig/551ecf3b0e8b0bca0f25c0944f561853-le64.cache-6
7fa518977000-7fa518978000 r--s 00000000 08:02 22810160                   /var/cache/fontconfig/30829fa25452a46451e813d634d7f916-le64.cache-6
7fa518978000-7fa51897b000 r--s 00000000 08:02 22810155                   /var/cache/fontconfig/75114ca45c98e8a441da0ff356701271-le64.cache-6
7fa51897b000-7fa51897e000 r--s 00000000 08:02 22808250                   /var/cache/fontconfig/e13b20fdb08344e0e664864cc2ede53d-le64.cache-6
7fa51897e000-7fa518992000 r--s 00000000 08:02 7210717                    /usr/share/fonts/type1/gsfonts/n019003l.pfb
7fa518992000-7fa518995000 ---p 00000000 00:00 0 
7fa518995000-7fa518a93000 rw-p 00000000 00:00 0 
7fa518a93000-7fa518a96000 ---p 00000000 00:00 0 
7fa518a96000-7fa518b94000 rw-p 00000000 00:00 0 
7fa518b94000-7fa518b97000 ---p 00000000 00:00 0 
7fa518b97000-7fa518c95000 rw-p 00000000 00:00 0 
7fa518c95000-7fa518c98000 ---p 00000000 00:00 0 
7fa518c98000-7fa518d96000 rw-p 00000000 00:00 0 
7fa518d96000-7fa518d99000 ---p 00000000 00:00 0 
7fa518d99000-7fa518e97000 rw-p 00000000 00:00 0 
7fa518e97000-7fa518e9c000 r-xp 00000000 08:02 6037164                    /usr/lib/x86_64-linux-gnu/libXfixes.so.3.1.0
7fa518e9c000-7fa51909b000 ---p 00005000 08:02 6037164                    /usr/lib/x86_64-linux-gnu/libXfixes.so.3.1.0
7fa51909b000-7fa51909c000 r--p 00004000 08:02 6037164                    /usr/lib/x86_64-linux-gnu/libXfixes.so.3.1.0
7fa51909c000-7fa51909d000 rw-p 00005000 08:02 6037164                    /usr/lib/x86_64-linux-gnu/libXfixes.so.3.1.0
7fa51909d000-7fa5190a6000 r-xp 00000000 08:02 6037156                    /usr/lib/x86_64-linux-gnu/libXcursor.so.1.0.2
7fa5190a6000-7fa5192a5000 ---p 00009000 08:02 6037156                    /usr/lib/x86_64-linux-gnu/libXcursor.so.1.0.2
7fa5192a5000-7fa5192a6000 r--p 00008000 08:02 6037156                    /usr/lib/x86_64-linux-gnu/libXcursor.so.1.0.2
7fa5192a6000-7fa5192a7000 rw-p 00009000 08:02 6037156                    /usr/lib/x86_64-linux-gnu/libXcursor.so.1.0.2
7fa5192a7000-7fa5192aa000 ---p 00000000 00:00 0 
7fa5192aa000-7fa5193a8000 rw-p 00000000 00:00 0 
7fa5193a8000-7fa5193ad000 r-xp 00000000 08:02 6037160                    /usr/lib/x86_64-linux-gnu/libXdmcp.so.6.0.0
7fa5193ad000-7fa5195ac000 ---p 00005000 08:02 6037160                    /usr/lib/x86_64-linux-gnu/libXdmcp.so.6.0.0
7fa5195ac000-7fa5195ad000 r--p 00004000 08:02 6037160                    /usr/lib/x86_64-linux-gnu/libXdmcp.so.6.0.0
7fa5195ad000-7fa5195ae000 rw-p 00005000 08:02 6037160                    /usr/lib/x86_64-linux-gnu/libXdmcp.so.6.0.0
7fa5195ae000-7fa5195b0000 r-xp 00000000 08:02 6037149                    /usr/lib/x86_64-linux-gnu/libXau.so.6.0.0
7fa5195b0000-7fa5197b0000 ---p 00002000 08:02 6037149                    /usr/lib/x86_64-linux-gnu/libXau.so.6.0.0
7fa5197b0000-7fa5197b1000 r--p 00002000 08:02 6037149                    /usr/lib/x86_64-linux-gnu/libXau.so.6.0.0
7fa5197b1000-7fa5197b2000 rw-p 00003000 08:02 6037149                    /usr/lib/x86_64-linux-gnu/libXau.so.6.0.0
7fa5197b2000-7fa5197d3000 r-xp 00000000 08:02 6038527                    /usr/lib/x86_64-linux-gnu/libxcb.so.1.1.0
7fa5197d3000-7fa5199d2000 ---p 00021000 08:02 6038527                    /usr/lib/x86_64-linux-gnu/libxcb.so.1.1.0
7fa5199d2000-7fa5199d3000 r--p 00020000 08:02 6038527                    /usr/lib/x86_64-linux-gnu/libxcb.so.1.1.0
7fa5199d3000-7fa5199d4000 rw-p 00021000 08:02 6038527                    /usr/lib/x86_64-linux-gnu/libxcb.so.1.1.0
7fa5199d4000-7fa5199e3000 r-xp 00000000 08:02 6037170                    /usr/lib/x86_64-linux-gnu/libXi.so.6.1.0
7fa5199e3000-7fa519be2000 ---p 0000f000 08:02 6037170                    /usr/lib/x86_64-linux-gnu/libXi.so.6.1.0
7fa519be2000-7fa519be3000 r--p 0000e000 08:02 6037170                    /usr/lib/x86_64-linux-gnu/libXi.so.6.1.0
7fa519be3000-7fa519be4000 rw-p 0000f000 08:02 6037170                    /usr/lib/x86_64-linux-gnu/libXi.so.6.1.0
7fa519be4000-7fa519be9000 r-xp 00000000 08:02 6037188                    /usr/lib/x86_64-linux-gnu/libXtst.so.6.1.0
7fa519be9000-7fa519de8000 ---p 00005000 08:02 6037188                    /usr/lib/x86_64-linux-gnu/libXtst.so.6.1.0
7fa519de8000-7fa519de9000 r--p 00004000 08:02 6037188                    /usr/lib/x86_64-linux-gnu/libXtst.so.6.1.0
7fa519de9000-7fa519dea000 rw-p 00005000 08:02 6037188                    /usr/lib/x86_64-linux-gnu/libXtst.so.6.1.0
7fa519dea000-7fa519df3000 r-xp 00000000 08:02 6037182                    /usr/lib/x86_64-linux-gnu/libXrender.so.1.3.0
7fa519df3000-7fa519ff2000 ---p 00009000 08:02 6037182                    /usr/lib/x86_64-linux-gnu/libXrender.so.1.3.0
7fa519ff2000-7fa519ff3000 r--p 00008000 08:02 6037182                    /usr/lib/x86_64-linux-gnu/libXrender.so.1.3.0
7fa519ff3000-7fa519ff4000 rw-p 00009000 08:02 6037182                    /usr/lib/x86_64-linux-gnu/libXrender.so.1.3.0
7fa519ff4000-7fa51a129000 r-xp 00000000 08:02 6037145                    /usr/lib/x86_64-linux-gnu/libX11.so.6.3.0
7fa51a129000-7fa51a329000 ---p 00135000 08:02 6037145                    /usr/lib/x86_64-linux-gnu/libX11.so.6.3.0
7fa51a329000-7fa51a32a000 r--p 00135000 08:02 6037145                    /usr/lib/x86_64-linux-gnu/libX11.so.6.3.0
7fa51a32a000-7fa51a32e000 rw-p 00136000 08:02 6037145                    /usr/lib/x86_64-linux-gnu/libX11.so.6.3.0
7fa51a32e000-7fa51a33f000 r-xp 00000000 08:02 6037162                    /usr/lib/x86_64-linux-gnu/libXext.so.6.4.0
7fa51a33f000-7fa51a53e000 ---p 00011000 08:02 6037162                    /usr/lib/x86_64-linux-gnu/libXext.so.6.4.0
7fa51a53e000-7fa51a53f000 r--p 00010000 08:02 6037162                    /usr/lib/x86_64-linux-gnu/libXext.so.6.4.0
7fa51a53f000-7fa51a540000 rw-p 00011000 08:02 6037162                    /usr/lib/x86_64-linux-gnu/libXext.so.6.4.0
7fa51a540000-7fa51a541000 r--s 00000000 08:02 22810158                   /var/cache/fontconfig/0c9eb80ebd1c36541ebe2852d3bb0c49-le64.cache-6
7fa51a541000-7fa51a545000 r--s 00000000 08:02 22806734                   /var/cache/fontconfig/7ef2298fde41cc6eeb7af42e48b7d293-le64.cache-6
7fa51a545000-7fa51a54e000 r--s 00000000 08:02 7210777                    /usr/share/fonts/type1/gsfonts/s050000l.pfb
7fa51a54e000-7fa51a554000 r--p 00000000 08:02 34868837                   /home/mac/.config/dconf/user
7fa51a554000-7fa51a555000 r--s 00000000 00:29 25                         /run/user/1000/dconf/user
7fa51a555000-7fa51a55f000 r--s 00250000 08:02 34999405                   /home/mac/jmonkeyplatform/jdk/jre/lib/resources.jar
7fa51a55f000-7fa51a5af000 r-xp 00000000 08:02 35000107                   /home/mac/jmonkeyplatform/jdk/jre/lib/amd64/xawt/libmawt.so
7fa51a5af000-7fa51a7af000 ---p 00050000 08:02 35000107                   /home/mac/jmonkeyplatform/jdk/jre/lib/amd64/xawt/libmawt.so
7fa51a7af000-7fa51a7b3000 rw-p 00050000 08:02 35000107                   /home/mac/jmonkeyplatform/jdk/jre/lib/amd64/xawt/libmawt.so
7fa51a7b3000-7fa51a7b4000 rw-p 00000000 00:00 0 
7fa51a7b4000-7fa51a856000 r-xp 00000000 08:02 35000095                   /home/mac/jmonkeyplatform/jdk/jre/lib/amd64/libawt.so
7fa51a856000-7fa51aa56000 ---p 000a2000 08:02 35000095                   /home/mac/jmonkeyplatform/jdk/jre/lib/amd64/libawt.so
7fa51aa56000-7fa51aa62000 rw-p 000a2000 08:02 35000095                   /home/mac/jmonkeyplatform/jdk/jre/lib/amd64/libawt.so
7fa51aa62000-7fa51aa86000 rw-p 00000000 00:00 0 
7fa51aa86000-7fa51aa91000 r--s 0037c000 08:02 34999983                   /home/mac/jmonkeyplatform/jdk/jre/lib/charsets.jar
7fa51aa91000-7fa51aa95000 r--s 000f7000 08:02 35000122                   /home/mac/jmonkeyplatform/jdk/jre/lib/ext/localedata.jar
7fa51aa95000-7fa51aa98000 r--s 0001a000 08:02 34998793                   /home/mac/jmonkeyplatform/jmonkeyplatform/libs/xmlpull-xpp3.jar
7fa51aa98000-7fa51aa9a000 r--s 00012000 08:02 34998929                   /home/mac/jmonkeyplatform/jmonkeyplatform/libs/eventbus.jar
7fa51aa9a000-7fa51aa9c000 r--s 00010000 08:02 34998545                   /home/mac/jmonkeyplatform/jmonkeyplatform/libs/nifty-style-black.jar
7fa51aa9c000-7fa51aaa4000 r--s 00039000 08:02 34998183                   /home/mac/jmonkeyplatform/jmonkeyplatform/libs/nifty-default-controls.jar
7fa51aaa4000-7fa51aab0000 r--s 00076000 08:02 34999004                   /home/mac/jmonkeyplatform/jmonkeyplatform/libs/nifty.jar
7fa51aab0000-7fa51aaba000 r--s 00079000 08:02 34998956                   /home/mac/jmonkeyplatform/jmonkeyplatform/libs/jbullet.jar
7fa51aaba000-7fa51aac8000 r--s 000e2000 08:02 34999001                   /home/mac/jmonkeyplatform/jmonkeyplatform/libs/lwjgl.jar
7fa51aac8000-7fa51aac9000 ---p 00000000 00:00 0 
7fa51aac9000-7fa51abc9000 rw-p 00000000 00:00 0 
7fa51abc9000-7fa51abcc000 ---p 00000000 00:00 0 
7fa51abcc000-7fa51acca000 rw-p 00000000 00:00 0 
7fa51acca000-7fa51accd000 ---p 00000000 00:00 0 
7fa51accd000-7fa51adcb000 rw-p 00000000 00:00 0 
7fa51adcb000-7fa51adce000 ---p 00000000 00:00 0 
7fa51adce000-7fa51aecc000 rw-p 00000000 00:00 0 
7fa51aecc000-7fa51aecf000 ---p 00000000 00:00 0 
7fa51aecf000-7fa51afcd000 rw-p 00000000 00:00 0 
7fa51afcd000-7fa51afd0000 ---p 00000000 00:00 0 
7fa51afd0000-7fa51b0ce000 rw-p 00000000 00:00 0 
7fa51b0ce000-7fa51b0d1000 ---p 00000000 00:00 0 
7fa51b0d1000-7fa51b1cf000 rw-p 00000000 00:00 0 
7fa51b1cf000-7fa51b1d3000 r-xp 00000000 08:02 35000086                   /home/mac/jmonkeyplatform/jdk/jre/lib/amd64/libdt_socket.so
7fa51b1d3000-7fa51b3d2000 ---p 00004000 08:02 35000086                   /home/mac/jmonkeyplatform/jdk/jre/lib/amd64/libdt_socket.so
7fa51b3d2000-7fa51b3d3000 rw-p 00003000 08:02 35000086                   /home/mac/jmonkeyplatform/jdk/jre/lib/amd64/libdt_socket.so
7fa51b3d3000-7fa51b3d6000 ---p 00000000 00:00 0 
7fa51b3d6000-7fa51b4d4000 rw-p 00000000 00:00 0 
7fa51b4d4000-7fa51b4d7000 ---p 00000000 00:00 0 
7fa51b4d7000-7fa51b5d5000 rw-p 00000000 00:00 0 
7fa51b5d5000-7fa51b5d8000 ---p 00000000 00:00 0 
7fa51b5d8000-7fa51b6d6000 rw-p 00000000 00:00 0 
7fa51b6d6000-7fa51b6d7000 ---p 00000000 00:00 0 
7fa51b6d7000-7fa51c000000 rw-p 00000000 00:00 0 
7fa51c000000-7fa51c021000 rw-p 00000000 00:00 0 
7fa51c021000-7fa520000000 ---p 00000000 00:00 0 
7fa520000000-7fa520021000 rw-p 00000000 00:00 0 
7fa520021000-7fa524000000 ---p 00000000 00:00 0 
7fa524000000-7fa524021000 rw-p 00000000 00:00 0 
7fa524021000-7fa528000000 ---p 00000000 00:00 0 
7fa528000000-7fa528001000 r--s 00008000 08:02 34998750                   /home/mac/jmonkeyplatform/jmonkeyplatform/libs/jME3-niftygui.jar
7fa528001000-7fa528005000 r--s 00025000 08:02 34998787                   /home/mac/jmonkeyplatform/jmonkeyplatform/libs/jME3-jbullet.jar
7fa528005000-7fa5287ba000 rw-p 00000000 00:00 0 
7fa5287ba000-7fa528977000 r--s 039bf000 08:02 34999506                   /home/mac/jmonkeyplatform/jdk/jre/lib/rt.jar
7fa528977000-7fa52ceff000 rw-p 00000000 00:00 0 
7fa52ceff000-7fa52cf00000 ---p 00000000 00:00 0 
7fa52cf00000-7fa52d000000 rw-p 00000000 00:00 0 
7fa52d000000-7fa52d270000 rwxp 00000000 00:00 0 
7fa52d270000-7fa5301e0000 rw-p 00000000 00:00 0 
7fa5301e0000-7fa534000000 ---p 00000000 00:00 0 
7fa534000000-7fa534021000 rw-p 00000000 00:00 0 
7fa534021000-7fa534022000 ---p 00000000 00:00 0 
7fa534022000-7fa534122000 rw-p 00000000 00:00 0 
7fa534122000-7fa534123000 ---p 00000000 00:00 0 
7fa534123000-7fa534223000 rw-p 00000000 00:00 0 
7fa534223000-7fa534224000 ---p 00000000 00:00 0 
7fa534224000-7fa53432f000 rw-p 00000000 00:00 0 
7fa53432f000-7fa53434d000 rw-p 00000000 00:00 0 
7fa53434d000-7fa534376000 rw-p 00000000 00:00 0 
7fa534376000-7fa5345e1000 rw-p 00000000 00:00 0 
7fa5345e1000-7fa5345ec000 rw-p 00000000 00:00 0 
7fa5345ec000-7fa53460a000 rw-p 00000000 00:00 0 
7fa53460a000-7fa534633000 rw-p 00000000 00:00 0 
7fa534633000-7fa53489d000 rw-p 00000000 00:00 0 
7fa53489d000-7fa5348b2000 rw-p 00000000 00:00 0 
7fa5348b2000-7fa5349e7000 rw-p 00000000 00:00 0 
7fa5349e7000-7fa5349e8000 rw-p 00000000 00:00 0 
7fa5349e8000-7fa534a02000 r-xp 00000000 08:02 35000054                   /home/mac/jmonkeyplatform/jdk/jre/lib/amd64/libzip.so
7fa534a02000-7fa534c02000 ---p 0001a000 08:02 35000054                   /home/mac/jmonkeyplatform/jdk/jre/lib/amd64/libzip.so
7fa534c02000-7fa534c03000 rw-p 0001a000 08:02 35000054                   /home/mac/jmonkeyplatform/jdk/jre/lib/amd64/libzip.so
7fa534c03000-7fa534c0e000 r-xp 00000000 08:02 32510270                   /lib/x86_64-linux-gnu/libnss_files-2.23.so
7fa534c0e000-7fa534e0d000 ---p 0000b000 08:02 32510270                   /lib/x86_64-linux-gnu/libnss_files-2.23.so
7fa534e0d000-7fa534e0e000 r--p 0000a000 08:02 32510270                   /lib/x86_64-linux-gnu/libnss_files-2.23.so
7fa534e0e000-7fa534e0f000 rw-p 0000b000 08:02 32510270                   /lib/x86_64-linux-gnu/libnss_files-2.23.so
7fa534e0f000-7fa534e15000 rw-p 00000000 00:00 0 
7fa534e15000-7fa534e20000 r-xp 00000000 08:02 32505942                   /lib/x86_64-linux-gnu/libnss_nis-2.23.so
7fa534e20000-7fa53501f000 ---p 0000b000 08:02 32505942                   /lib/x86_64-linux-gnu/libnss_nis-2.23.so
7fa53501f000-7fa535020000 r--p 0000a000 08:02 32505942                   /lib/x86_64-linux-gnu/libnss_nis-2.23.so
7fa535020000-7fa535021000 rw-p 0000b000 08:02 32505942                   /lib/x86_64-linux-gnu/libnss_nis-2.23.so
7fa535021000-7fa535037000 r-xp 00000000 08:02 32505953                   /lib/x86_64-linux-gnu/libnsl-2.23.so
7fa535037000-7fa535236000 ---p 00016000 08:02 32505953                   /lib/x86_64-linux-gnu/libnsl-2.23.so
7fa535236000-7fa535237000 r--p 00015000 08:02 32505953                   /lib/x86_64-linux-gnu/libnsl-2.23.so
7fa535237000-7fa535238000 rw-p 00016000 08:02 32505953                   /lib/x86_64-linux-gnu/libnsl-2.23.so
7fa535238000-7fa53523a000 rw-p 00000000 00:00 0 
7fa53523a000-7fa535242000 r-xp 00000000 08:02 32505954                   /lib/x86_64-linux-gnu/libnss_compat-2.23.so
7fa535242000-7fa535441000 ---p 00008000 08:02 32505954                   /lib/x86_64-linux-gnu/libnss_compat-2.23.so
7fa535441000-7fa535442000 r--p 00007000 08:02 32505954                   /lib/x86_64-linux-gnu/libnss_compat-2.23.so
7fa535442000-7fa535443000 rw-p 00008000 08:02 32505954                   /lib/x86_64-linux-gnu/libnss_compat-2.23.so
7fa535443000-7fa53571b000 r--p 00000000 08:02 6030176                    /usr/lib/locale/locale-archive
7fa53571b000-7fa53571e000 r-xp 00000000 08:02 35000088                   /home/mac/jmonkeyplatform/jdk/jre/lib/amd64/libnpt.so
7fa53571e000-7fa53591d000 ---p 00003000 08:02 35000088                   /home/mac/jmonkeyplatform/jdk/jre/lib/amd64/libnpt.so
7fa53591d000-7fa53591e000 rw-p 00002000 08:02 35000088                   /home/mac/jmonkeyplatform/jdk/jre/lib/amd64/libnpt.so
7fa53591e000-7fa535957000 r-xp 00000000 08:02 35000064                   /home/mac/jmonkeyplatform/jdk/jre/lib/amd64/libjdwp.so
7fa535957000-7fa535b57000 ---p 00039000 08:02 35000064                   /home/mac/jmonkeyplatform/jdk/jre/lib/amd64/libjdwp.so
7fa535b57000-7fa535b58000 rw-p 00039000 08:02 35000064                   /home/mac/jmonkeyplatform/jdk/jre/lib/amd64/libjdwp.so
7fa535b58000-7fa535b59000 rw-p 00000000 00:00 0 
7fa535b59000-7fa535b82000 r-xp 00000000 08:02 35000059                   /home/mac/jmonkeyplatform/jdk/jre/lib/amd64/libjava.so
7fa535b82000-7fa535d82000 ---p 00029000 08:02 35000059                   /home/mac/jmonkeyplatform/jdk/jre/lib/amd64/libjava.so
7fa535d82000-7fa535d84000 rw-p 00029000 08:02 35000059                   /home/mac/jmonkeyplatform/jdk/jre/lib/amd64/libjava.so
7fa535d84000-7fa535d91000 r-xp 00000000 08:02 35000100                   /home/mac/jmonkeyplatform/jdk/jre/lib/amd64/libverify.so
7fa535d91000-7fa535f90000 ---p 0000d000 08:02 35000100                   /home/mac/jmonkeyplatform/jdk/jre/lib/amd64/libverify.so
7fa535f90000-7fa535f92000 rw-p 0000c000 08:02 35000100                   /home/mac/jmonkeyplatform/jdk/jre/lib/amd64/libverify.so
7fa535f92000-7fa535f99000 r-xp 00000000 08:02 32505941                   /lib/x86_64-linux-gnu/librt-2.23.so
7fa535f99000-7fa536198000 ---p 00007000 08:02 32505941                   /lib/x86_64-linux-gnu/librt-2.23.so
7fa536198000-7fa536199000 r--p 00006000 08:02 32505941                   /lib/x86_64-linux-gnu/librt-2.23.so
7fa536199000-7fa53619a000 rw-p 00007000 08:02 32505941                   /lib/x86_64-linux-gnu/librt-2.23.so
7fa53619a000-7fa5362a2000 r-xp 00000000 08:02 32505951                   /lib/x86_64-linux-gnu/libm-2.23.so
7fa5362a2000-7fa5364a1000 ---p 00108000 08:02 32505951                   /lib/x86_64-linux-gnu/libm-2.23.so
7fa5364a1000-7fa5364a2000 r--p 00107000 08:02 32505951                   /lib/x86_64-linux-gnu/libm-2.23.so
7fa5364a2000-7fa5364a3000 rw-p 00108000 08:02 32505951                   /lib/x86_64-linux-gnu/libm-2.23.so
7fa5364a3000-7fa537005000 r-xp 00000000 08:02 35000109                   /home/mac/jmonkeyplatform/jdk/jre/lib/amd64/server/libjvm.so
7fa537005000-7fa537205000 ---p 00b62000 08:02 35000109                   /home/mac/jmonkeyplatform/jdk/jre/lib/amd64/server/libjvm.so
7fa537205000-7fa5372c8000 rw-p 00b62000 08:02 35000109                   /home/mac/jmonkeyplatform/jdk/jre/lib/amd64/server/libjvm.so
7fa5372c8000-7fa537309000 rw-p 00000000 00:00 0 
7fa537309000-7fa5374c8000 r-xp 00000000 08:02 32505946                   /lib/x86_64-linux-gnu/libc-2.23.so
7fa5374c8000-7fa5376c8000 ---p 001bf000 08:02 32505946                   /lib/x86_64-linux-gnu/libc-2.23.so
7fa5376c8000-7fa5376cc000 r--p 001bf000 08:02 32505946                   /lib/x86_64-linux-gnu/libc-2.23.so
7fa5376cc000-7fa5376ce000 rw-p 001c3000 08:02 32505946                   /lib/x86_64-linux-gnu/libc-2.23.so
7fa5376ce000-7fa5376d2000 rw-p 00000000 00:00 0 
7fa5376d2000-7fa5376d5000 r-xp 00000000 08:02 32505945                   /lib/x86_64-linux-gnu/libdl-2.23.so
7fa5376d5000-7fa5378d4000 ---p 00003000 08:02 32505945                   /lib/x86_64-linux-gnu/libdl-2.23.so
7fa5378d4000-7fa5378d5000 r--p 00002000 08:02 32505945                   /lib/x86_64-linux-gnu/libdl-2.23.so
7fa5378d5000-7fa5378d6000 rw-p 00003000 08:02 32505945                   /lib/x86_64-linux-gnu/libdl-2.23.so
7fa5378d6000-7fa5378ec000 r-xp 00000000 08:02 35001126                   /home/mac/jmonkeyplatform/jdk/lib/amd64/jli/libjli.so
7fa5378ec000-7fa537aec000 ---p 00016000 08:02 35001126                   /home/mac/jmonkeyplatform/jdk/lib/amd64/jli/libjli.so
7fa537aec000-7fa537aed000 rw-p 00016000 08:02 35001126                   /home/mac/jmonkeyplatform/jdk/lib/amd64/jli/libjli.so
7fa537aed000-7fa537b05000 r-xp 00000000 08:02 32505952                   /lib/x86_64-linux-gnu/libpthread-2.23.so
7fa537b05000-7fa537d04000 ---p 00018000 08:02 32505952                   /lib/x86_64-linux-gnu/libpthread-2.23.so
7fa537d04000-7fa537d05000 r--p 00017000 08:02 32505952                   /lib/x86_64-linux-gnu/libpthread-2.23.so
7fa537d05000-7fa537d06000 rw-p 00018000 08:02 32505952                   /lib/x86_64-linux-gnu/libpthread-2.23.so
7fa537d06000-7fa537d0a000 rw-p 00000000 00:00 0 
7fa537d0a000-7fa537d30000 r-xp 00000000 08:02 32505861                   /lib/x86_64-linux-gnu/ld-2.23.so
7fa537d30000-7fa537d31000 r--s 0000b000 08:02 34998838                   /home/mac/jmonkeyplatform/jmonkeyplatform/libs/stack-alloc.jar
7fa537d31000-7fa537d33000 r--s 0003c000 08:02 34998959                   /home/mac/jmonkeyplatform/jmonkeyplatform/libs/vecmath.jar
7fa537d33000-7fa537d37000 r--s 00030000 08:02 34998982                   /home/mac/jmonkeyplatform/jmonkeyplatform/libs/jinput.jar
7fa537d37000-7fa537d39000 r--s 00243000 08:02 34998487                   /home/mac/jmonkeyplatform/jmonkeyplatform/libs/jME3-lwjgl-natives.jar
7fa537d39000-7fa537d3b000 r--s 00017000 08:02 34998878                   /home/mac/jmonkeyplatform/jmonkeyplatform/libs/jME3-lwjgl.jar
7fa537d3b000-7fa537d3f000 r--s 00023000 08:02 34998794                   /home/mac/jmonkeyplatform/jmonkeyplatform/libs/jME3-terrain.jar
7fa537d3f000-7fa537d40000 r--s 00009000 08:02 34998751                   /home/mac/jmonkeyplatform/jmonkeyplatform/libs/j-ogg-vorbisd.jar
7fa537d40000-7fa537d42000 r--s 00005000 08:02 34998874                   /home/mac/jmonkeyplatform/jmonkeyplatform/libs/j-ogg-oggd.jar
7fa537d42000-7fa537d43000 r--s 00002000 08:02 34998906                   /home/mac/jmonkeyplatform/jmonkeyplatform/libs/jME3-jogg.jar
7fa537d43000-7fa537d46000 r--s 0001c000 08:02 34998648                   /home/mac/jmonkeyplatform/jmonkeyplatform/libs/jME3-networking.jar
7fa537d46000-7fa537d49000 r--s 0007f000 08:02 34998790                   /home/mac/jmonkeyplatform/jmonkeyplatform/libs/jME3-effects.jar
7fa537d49000-7fa537d53000 rw-p 00000000 00:00 0 
7fa537d53000-7fa537e09000 rw-p 00000000 00:00 0 
7fa537e09000-7fa537e0c000 ---p 00000000 00:00 0 
7fa537e0c000-7fa537f0e000 rw-p 00000000 00:00 0 
7fa537f0e000-7fa537f0f000 r--s 00010000 08:02 34998792                   /home/mac/jmonkeyplatform/jmonkeyplatform/libs/jME3-plugins.jar
7fa537f0f000-7fa537f12000 r--s 00035000 08:02 34998788                   /home/mac/jmonkeyplatform/jmonkeyplatform/libs/jME3-desktop.jar
7fa537f12000-7fa537f23000 r--s 0011b000 08:02 34998902                   /home/mac/jmonkeyplatform/jmonkeyplatform/libs/jME3-core.jar
7fa537f23000-7fa537f2b000 rw-s 00000000 08:02 58984350                   /tmp/hsperfdata_mac/21631
7fa537f2b000-7fa537f2c000 rw-p 00000000 00:00 0 
7fa537f2c000-7fa537f2d000 r--p 00000000 00:00 0 
7fa537f2d000-7fa537f2f000 rw-p 00000000 00:00 0 
7fa537f2f000-7fa537f30000 r--p 00025000 08:02 32505861                   /lib/x86_64-linux-gnu/ld-2.23.so
7fa537f30000-7fa537f31000 rw-p 00026000 08:02 32505861                   /lib/x86_64-linux-gnu/ld-2.23.so
7fa537f31000-7fa537f32000 rw-p 00000000 00:00 0 
7fffed088000-7fffed0a9000 rw-p 00000000 00:00 0                          [stack]
7fffed1eb000-7fffed1ed000 r--p 00000000 00:00 0                          [vvar]
7fffed1ed000-7fffed1ef000 r-xp 00000000 00:00 0                          [vdso]
ffffffffff600000-ffffffffff601000 r-xp 00000000 00:00 0                  [vsyscall]

VM Arguments:
jvm_args: -Xdebug -Xrunjdwp:transport=dt_socket,address=localhost:41233 -Dfile.encoding=UTF-8 
java_command: mygame.Main
Launcher Type: SUN_STANDARD

Environment Variables:
PATH=/home/mac/bin:/home/mac/.local/bin:/usr/local/sbin:/usr/local/bin:/usr/sbin:/usr/bin:/sbin:/bin:/usr/games:/usr/local/games:/snap/bin
LD_LIBRARY_PATH=/home/mac/jmonkeyplatform/bin/../jdk/jre/lib/amd64:/home/mac/jmonkeyplatform/bin/../jdk/jre/lib/i386:
SHELL=/bin/bash
DISPLAY=:0

Signal Handlers:
SIGSEGV: [libjvm.so+0x993870], sa_mask[0]=0x7ffbfeff, sa_flags=0x10000004
SIGBUS: [libjvm.so+0x993870], sa_mask[0]=0x7ffbfeff, sa_flags=0x10000004
SIGFPE: [libjvm.so+0x8105b0], sa_mask[0]=0x7ffbfeff, sa_flags=0x10000004
SIGPIPE: SIG_IGN, sa_mask[0]=0x00001000, sa_flags=0x10000000
SIGXFSZ: [libjvm.so+0x8105b0], sa_mask[0]=0x7ffbfeff, sa_flags=0x10000004
SIGILL: [libjvm.so+0x8105b0], sa_mask[0]=0x7ffbfeff, sa_flags=0x10000004
SIGUSR1: SIG_DFL, sa_mask[0]=0x00000000, sa_flags=0x00000000
SIGUSR2: [libjvm.so+0x811aa0], sa_mask[0]=0x00000004, sa_flags=0x10000004
SIGHUP: [libjvm.so+0x812a10], sa_mask[0]=0x7ffbfeff, sa_flags=0x10000004
SIGINT: SIG_IGN, sa_mask[0]=0x00000000, sa_flags=0x00000000
SIGTERM: [libjvm.so+0x812a10], sa_mask[0]=0x7ffbfeff, sa_flags=0x10000004
SIGQUIT: [libjvm.so+0x812a10], sa_mask[0]=0x7ffbfeff, sa_flags=0x10000004


---------------  S Y S T E M  ---------------

OS:stretch/sid

uname:Linux 4.4.0-57-generic #78-Ubuntu SMP Fri Dec 9 23:50:32 UTC 2016 x86_64
libc:glibc 2.23 NPTL 2.23 
rlimit: STACK 8192k, CORE 0k, NPROC 31298, NOFILE 65536, AS infinity
load average:26.72 8.16 3.04

/proc/meminfo:
MemTotal:        8095344 kB
MemFree:         5277740 kB
MemAvailable:    6242608 kB
Buffers:          100756 kB
Cached:          1049952 kB
SwapCached:           12 kB
Active:          1763760 kB
Inactive:         739944 kB
Active(anon):    1163756 kB
Inactive(anon):   257856 kB
Active(file):     600004 kB
Inactive(file):   482088 kB
Unevictable:          32 kB
Mlocked:              32 kB
SwapTotal:       8308732 kB
SwapFree:        8301904 kB
Dirty:              1088 kB
Writeback:             0 kB
AnonPages:       1353116 kB
Mapped:           114620 kB
Shmem:             68588 kB
Slab:             238992 kB
SReclaimable:     190628 kB
SUnreclaim:        48364 kB
KernelStack:       10896 kB
PageTables:        10020 kB
NFS_Unstable:          0 kB
Bounce:                0 kB
WritebackTmp:          0 kB
CommitLimit:    12356404 kB
Committed_AS:    3247964 kB
VmallocTotal:   34359738367 kB
VmallocUsed:           0 kB
VmallocChunk:          0 kB
HardwareCorrupted:     0 kB
AnonHugePages:   1021952 kB
CmaTotal:              0 kB
CmaFree:               0 kB
HugePages_Total:       0
HugePages_Free:        0
HugePages_Rsvd:        0
HugePages_Surp:        0
Hugepagesize:       2048 kB
DirectMap4k:      178944 kB
DirectMap2M:     6033408 kB
DirectMap1G:     3145728 kB


CPU:total 4 (2 cores per cpu, 2 threads per core) family 6 model 61 stepping 4, cmov, cx8, fxsr, mmx, sse, sse2, sse3, ssse3, sse4.1, sse4.2, popcnt, avx, avx2, aes, erms, ht, tsc, tscinvbit

/proc/cpuinfo:
processor	: 0
vendor_id	: GenuineIntel
cpu family	: 6
model		: 61
model name	: Intel(R) Core(TM) i7-5500U CPU @ 2.40GHz
stepping	: 4
microcode	: 0x22
cpu MHz		: 2111.812
cache size	: 4096 KB
physical id	: 0
siblings	: 4
core id		: 0
cpu cores	: 2
apicid		: 0
initial apicid	: 0
fpu		: yes
fpu_exception	: yes
cpuid level	: 20
wp		: yes
flags		: fpu vme de pse tsc msr pae mce cx8 apic sep mtrr pge mca cmov pat pse36 clflush dts acpi mmx fxsr sse sse2 ss ht tm pbe syscall nx pdpe1gb rdtscp lm constant_tsc arch_perfmon pebs bts rep_good nopl xtopology nonstop_tsc aperfmperf eagerfpu pni pclmulqdq dtes64 monitor ds_cpl vmx est tm2 ssse3 sdbg fma cx16 xtpr pdcm pcid sse4_1 sse4_2 x2apic movbe popcnt tsc_deadline_timer aes xsave avx f16c rdrand lahf_lm abm 3dnowprefetch epb intel_pt tpr_shadow vnmi flexpriority ept vpid fsgsbase tsc_adjust bmi1 avx2 smep bmi2 erms invpcid rdseed adx smap xsaveopt dtherm ida arat pln pts
bugs		:
bogomips	: 4788.68
clflush size	: 64
cache_alignment	: 64
address sizes	: 39 bits physical, 48 bits virtual
power management:

processor	: 1
vendor_id	: GenuineIntel
cpu family	: 6
model		: 61
model name	: Intel(R) Core(TM) i7-5500U CPU @ 2.40GHz
stepping	: 4
microcode	: 0x22
cpu MHz		: 2184.937
cache size	: 4096 KB
physical id	: 0
siblings	: 4
core id		: 1
cpu cores	: 2
apicid		: 2
initial apicid	: 2
fpu		: yes
fpu_exception	: yes
cpuid level	: 20
wp		: yes
flags		: fpu vme de pse tsc msr pae mce cx8 apic sep mtrr pge mca cmov pat pse36 clflush dts acpi mmx fxsr sse sse2 ss ht tm pbe syscall nx pdpe1gb rdtscp lm constant_tsc arch_perfmon pebs bts rep_good nopl xtopology nonstop_tsc aperfmperf eagerfpu pni pclmulqdq dtes64 monitor ds_cpl vmx est tm2 ssse3 sdbg fma cx16 xtpr pdcm pcid sse4_1 sse4_2 x2apic movbe popcnt tsc_deadline_timer aes xsave avx f16c rdrand lahf_lm abm 3dnowprefetch epb intel_pt tpr_shadow vnmi flexpriority ept vpid fsgsbase tsc_adjust bmi1 avx2 smep bmi2 erms invpcid rdseed adx smap xsaveopt dtherm ida arat pln pts
bugs		:
bogomips	: 4788.68
clflush size	: 64
cache_alignment	: 64
address sizes	: 39 bits physical, 48 bits virtual
power management:

processor	: 2
vendor_id	: GenuineIntel
cpu family	: 6
model		: 61
model name	: Intel(R) Core(TM) i7-5500U CPU @ 2.40GHz
stepping	: 4
microcode	: 0x22
cpu MHz		: 1724.718
cache size	: 4096 KB
physical id	: 0
siblings	: 4
core id		: 0
cpu cores	: 2
apicid		: 1
initial apicid	: 1
fpu		: yes
fpu_exception	: yes
cpuid level	: 20
wp		: yes
flags		: fpu vme de pse tsc msr pae mce cx8 apic sep mtrr pge mca cmov pat pse36 clflush dts acpi mmx fxsr sse sse2 ss ht tm pbe syscall nx pdpe1gb rdtscp lm constant_tsc arch_perfmon pebs bts rep_good nopl xtopology nonstop_tsc aperfmperf eagerfpu pni pclmulqdq dtes64 monitor ds_cpl vmx est tm2 ssse3 sdbg fma cx16 xtpr pdcm pcid sse4_1 sse4_2 x2apic movbe popcnt tsc_deadline_timer aes xsave avx f16c rdrand lahf_lm abm 3dnowprefetch epb intel_pt tpr_shadow vnmi flexpriority ept vpid fsgsbase tsc_adjust bmi1 avx2 smep bmi2 erms invpcid rdseed adx smap xsaveopt dtherm ida arat pln pts
bugs		:
bogomips	: 4788.68
clflush size	: 64
cache_alignment	: 64
address sizes	: 39 bits physical, 48 bits virtual
power management:

processor	: 3
vendor_id	: GenuineIntel
cpu family	: 6
model		: 61
model name	: Intel(R) Core(TM) i7-5500U CPU @ 2.40GHz
stepping	: 4
microcode	: 0x22
cpu MHz		: 1995.468
cache size	: 4096 KB
physical id	: 0
siblings	: 4
core id		: 1
cpu cores	: 2
apicid		: 3
initial apicid	: 3
fpu		: yes
fpu_exception	: yes
cpuid level	: 20
wp		: yes
flags		: fpu vme de pse tsc msr pae mce cx8 apic sep mtrr pge mca cmov pat pse36 clflush dts acpi mmx fxsr sse sse2 ss ht tm pbe syscall nx pdpe1gb rdtscp lm constant_tsc arch_perfmon pebs bts rep_good nopl xtopology nonstop_tsc aperfmperf eagerfpu pni pclmulqdq dtes64 monitor ds_cpl vmx est tm2 ssse3 sdbg fma cx16 xtpr pdcm pcid sse4_1 sse4_2 x2apic movbe popcnt tsc_deadline_timer aes xsave avx f16c rdrand lahf_lm abm 3dnowprefetch epb intel_pt tpr_shadow vnmi flexpriority ept vpid fsgsbase tsc_adjust bmi1 avx2 smep bmi2 erms invpcid rdseed adx smap xsaveopt dtherm ida arat pln pts
bugs		:
bogomips	: 4788.68
clflush size	: 64
cache_alignment	: 64
address sizes	: 39 bits physical, 48 bits virtual
power management:



Memory: 4k page, physical 8095344k(5277740k free), swap 8308732k(8301904k free)

vm_info: Java HotSpot(TM) 64-Bit Server VM (24.51-b03) for linux-amd64 JRE (1.7.0_51-b13), built on Dec 18 2013 18:48:01 by "java_re" with gcc 4.3.0 20080428 (Red Hat 4.3.0-8)

time: Mon Jan  2 17:56:32 2017
elapsed time: 35 seconds

